"../../../Engine/Content/Functions/Engine_MaterialFunctions01/Opacity/CameraDepthFade.uasset" 0
"../../../Engine/Content/Functions/Engine_MaterialFunctions01/Opacity/CameraDepthFade.uexp" 1
"../../../Engine/Content/EngineMaterials/T_Default_Material_Grid_N.uasset" 2
"../../../Engine/Content/EngineMaterials/T_Default_Material_Grid_N.uexp" 3
"../../../Engine/Content/EngineMaterials/T_Default_Material_Grid_N.ubulk" 4
"../../../Engine/Content/EngineMaterials/T_Default_Material_Grid_M.uasset" 5
"../../../Engine/Content/EngineMaterials/T_Default_Material_Grid_M.uexp" 6
"../../../Engine/Content/EngineMaterials/T_Default_Material_Grid_M.ubulk" 7
"../../../Engine/Content/EngineMaterials/WorldGridMaterial.uasset" 8
"../../../Engine/Content/EngineMaterials/WorldGridMaterial.uexp" 9
"../../../Engine/Content/ArtTools/RenderToTexture/Meshes/S_1_Unit_Plane.uasset" 10
"../../../Engine/Content/ArtTools/RenderToTexture/Meshes/S_1_Unit_Plane.uexp" 11
"../../../Engine/Content/EngineMaterials/DefaultMaterial.uasset" 12
"../../../Engine/Content/EngineMaterials/DefaultMaterial.uexp" 13
"../../../Engine/Content/BasicShapes/Cone.uasset" 14
"../../../Engine/Content/BasicShapes/Cone.uexp" 15
"../../../Engine/Content/BasicShapes/Plane.uasset" 16
"../../../Engine/Content/BasicShapes/Plane.uexp" 17
"../../../Engine/Content/EditorLandscapeResources/DataLayer.uasset" 18
"../../../Engine/Content/EditorLandscapeResources/DataLayer.uexp" 19
"../../../Engine/Content/EditorLandscapeResources/DefaultAlphaTexture.uasset" 20
"../../../Engine/Content/EditorLandscapeResources/DefaultAlphaTexture.uexp" 21
"../../../Engine/Content/EditorMaterials/MAT_Groups_Toggle.uasset" 22
"../../../Engine/Content/EditorMaterials/MAT_Groups_Toggle.uexp" 23
"../../../Engine/Content/EditorMaterials/MAT_Groups_Visibility.uasset" 24
"../../../Engine/Content/EditorMaterials/MAT_Groups_Visibility.uexp" 25
"../../../Engine/Content/EditorMaterials/PreviewShadowIndicator.uasset" 26
"../../../Engine/Content/EditorMaterials/PreviewShadowIndicator.uexp" 27
"../../../Engine/Content/EditorMaterials/PreviewShadowIndicator.ubulk" 28
"../../../Engine/Content/EditorMaterials/PreviewShadowIndicatorMaterial.uasset" 29
"../../../Engine/Content/EditorMaterials/PreviewShadowIndicatorMaterial.uexp" 30
"../../../Engine/Content/EditorMaterials/MatineeGroups/MAT_ColorTrack.uasset" 31
"../../../Engine/Content/EditorMaterials/MatineeGroups/MAT_ColorTrack.uexp" 32
"../../../Engine/Content/EditorMaterials/MatineeGroups/MAT_Groups_Anim.uasset" 33
"../../../Engine/Content/EditorMaterials/MatineeGroups/MAT_Groups_Anim.uexp" 34
"../../../Engine/Content/EditorMaterials/MatineeGroups/MAT_Groups_AudioMaster.uasset" 35
"../../../Engine/Content/EditorMaterials/MatineeGroups/MAT_Groups_AudioMaster.uexp" 36
"../../../Engine/Content/EditorMaterials/MatineeGroups/MAT_Groups_Director.uasset" 37
"../../../Engine/Content/EditorMaterials/MatineeGroups/MAT_Groups_Director.uexp" 38
"../../../Engine/Content/EditorMaterials/MatineeGroups/MAT_Groups_Event.uasset" 39
"../../../Engine/Content/EditorMaterials/MatineeGroups/MAT_Groups_Event.uexp" 40
"../../../Engine/Content/EditorMaterials/MatineeGroups/MAT_Groups_Fade.uasset" 41
"../../../Engine/Content/EditorMaterials/MatineeGroups/MAT_Groups_Fade.uexp" 42
"../../../Engine/Content/EditorMaterials/MatineeGroups/MAT_Groups_Float.uasset" 43
"../../../Engine/Content/EditorMaterials/MatineeGroups/MAT_Groups_Float.uexp" 44
"../../../Engine/Content/EditorMaterials/MatineeGroups/MAT_Groups_Move.uasset" 45
"../../../Engine/Content/EditorMaterials/MatineeGroups/MAT_Groups_Move.uexp" 46
"../../../Engine/Content/EditorMaterials/MatineeGroups/MAT_Groups_Slomo.uasset" 47
"../../../Engine/Content/EditorMaterials/MatineeGroups/MAT_Groups_Slomo.uexp" 48
"../../../Engine/Content/EditorMaterials/MatineeGroups/MAT_Groups_Sound.uasset" 49
"../../../Engine/Content/EditorMaterials/MatineeGroups/MAT_Groups_Sound.uexp" 50
"../../../Engine/Content/EditorMaterials/MatineeGroups/MAT_Groups_Vector.uasset" 51
"../../../Engine/Content/EditorMaterials/MatineeGroups/MAT_Groups_Vector.uexp" 52
"../../../Engine/Content/EditorMaterials/ParticleSystems/PSysThumbnail_NoImage.uasset" 53
"../../../Engine/Content/EditorMaterials/ParticleSystems/PSysThumbnail_NoImage.uexp" 54
"../../../Engine/Content/EditorMaterials/ParticleSystems/PSysThumbnail_NoImage.ubulk" 55
"../../../Engine/Content/EditorMaterials/ParticleSystems/PSysThumbnail_OOD.uasset" 56
"../../../Engine/Content/EditorMaterials/ParticleSystems/PSysThumbnail_OOD.uexp" 57
"../../../Engine/Content/EditorMaterials/ParticleSystems/PSysThumbnail_OOD.ubulk" 58
"../../../Engine/Content/EditorMaterials/Camera/CineMat.uasset" 59
"../../../Engine/Content/EditorMaterials/Camera/CineMat.uexp" 60
"../../../Engine/Content/EditorMaterials/Camera/MI_CineMat_Rig.uasset" 61
"../../../Engine/Content/EditorMaterials/Camera/MI_CineMat_Rig.uexp" 62
"../../../Engine/Content/EditorMeshes/Camera/SM_CraneRig_Arm.uasset" 63
"../../../Engine/Content/EditorMeshes/Camera/SM_CraneRig_Arm.uexp" 64
"../../../Engine/Content/EditorMeshes/Camera/SM_CraneRig_Base.uasset" 65
"../../../Engine/Content/EditorMeshes/Camera/SM_CraneRig_Base.uexp" 66
"../../../Engine/Content/EditorMeshes/Camera/SM_CraneRig_Body.uasset" 67
"../../../Engine/Content/EditorMeshes/Camera/SM_CraneRig_Body.uexp" 68
"../../../Engine/Content/EditorMeshes/Camera/SM_CraneRig_Mount.uasset" 69
"../../../Engine/Content/EditorMeshes/Camera/SM_CraneRig_Mount.uexp" 70
"../../../Engine/Content/EditorMeshes/Camera/SM_RailRig_Mount.uasset" 71
"../../../Engine/Content/EditorMeshes/Camera/SM_RailRig_Mount.uexp" 72
"../../../Engine/Content/EditorMeshes/Camera/SM_RailRig_Track.uasset" 73
"../../../Engine/Content/EditorMeshes/Camera/SM_RailRig_Track.uexp" 74
"../../../Engine/Content/EditorResources/BSPVertex.uasset" 75
"../../../Engine/Content/EditorResources/BSPVertex.uexp" 76
"../../../Engine/Content/EditorResources/EmptyActor.uasset" 77
"../../../Engine/Content/EditorResources/EmptyActor.uexp" 78
"../../../Engine/Content/EditorResources/S_Actor.uasset" 79
"../../../Engine/Content/EditorResources/S_Actor.uexp" 80
"../../../Engine/Content/EditorResources/S_Actor.ubulk" 81
"../../../Engine/Content/EditorResources/S_Note.uasset" 82
"../../../Engine/Content/EditorResources/S_Note.uexp" 83
"../../../Engine/Content/EditorResources/S_Note.ubulk" 84
"../../../Engine/Content/EditorResources/S_Solver.uasset" 85
"../../../Engine/Content/EditorResources/S_Solver.uexp" 86
"../../../Engine/Content/EditorResources/S_Solver.ubulk" 87
"../../../Engine/Content/EditorResources/S_Terrain.uasset" 88
"../../../Engine/Content/EditorResources/S_Terrain.uexp" 89
"../../../Engine/Content/EditorResources/S_Terrain.ubulk" 90
"../../../Engine/Content/EditorResources/S_Trigger.uasset" 91
"../../../Engine/Content/EditorResources/S_Trigger.uexp" 92
"../../../Engine/Content/EditorResources/S_Trigger.ubulk" 93
"../../../Engine/Content/EditorResources/SequenceRecorder/Countdown.uasset" 94
"../../../Engine/Content/EditorResources/SequenceRecorder/Countdown.uexp" 95
"../../../Engine/Content/EditorResources/SequenceRecorder/RecordingIndicator.uasset" 96
"../../../Engine/Content/EditorResources/SequenceRecorder/RecordingIndicator.uexp" 97
"../../../Engine/Content/EngineDamageTypes/DmgTypeBP_Environmental.uasset" 98
"../../../Engine/Content/EngineDamageTypes/DmgTypeBP_Environmental.uexp" 99
"../../../Engine/Content/EngineDebugMaterials/DebugEditorMaterial.uasset" 100
"../../../Engine/Content/EngineDebugMaterials/DebugEditorMaterial.uexp" 101
"../../../Engine/Content/EngineDebugMaterials/DebugMeshMaterial.uasset" 102
"../../../Engine/Content/EngineDebugMaterials/DebugMeshMaterial.uexp" 103
"../../../Engine/Content/EngineDebugMaterials/M_SimpleUnlitTranslucent.uasset" 104
"../../../Engine/Content/EngineDebugMaterials/M_SimpleUnlitTranslucent.uexp" 105
"../../../Engine/Content/EngineDebugMaterials/VolumeToRender.uasset" 106
"../../../Engine/Content/EngineDebugMaterials/VolumeToRender.uexp" 107
"../../../Engine/Content/Functions/Engine_MaterialFunctions02/Utility/CameraDirectionVector.uasset" 108
"../../../Engine/Content/Functions/Engine_MaterialFunctions02/Utility/CameraDirectionVector.uexp" 109
"../../../Engine/Content/EngineDebugMaterials/M_VolumeRenderSphereTracePP.uasset" 110
"../../../Engine/Content/EngineDebugMaterials/M_VolumeRenderSphereTracePP.uexp" 111
"../../../Engine/Content/Functions/Engine_MaterialFunctions01/Shading/ConvertFromDiffSpec.uasset" 112
"../../../Engine/Content/Functions/Engine_MaterialFunctions01/Shading/ConvertFromDiffSpec.uexp" 113
"../../../Engine/Content/EngineDebugMaterials/VertexColorMaterial.uasset" 114
"../../../Engine/Content/EngineDebugMaterials/VertexColorMaterial.uexp" 115
"../../../Engine/Content/EngineDebugMaterials/WireframeMaterial.uasset" 116
"../../../Engine/Content/EngineDebugMaterials/WireframeMaterial.uexp" 117
"../../../Engine/Content/EngineFonts/Faces/RobotoRegular.uasset" 118
"../../../Engine/Content/EngineFonts/Faces/RobotoRegular.uexp" 119
"../../../Engine/Content/EngineFonts/Faces/RobotoRegular.ufont" 120
"../../../Engine/Content/EngineFonts/Faces/RobotoLight.uasset" 121
"../../../Engine/Content/EngineFonts/Faces/RobotoLight.uexp" 122
"../../../Engine/Content/EngineFonts/Faces/RobotoLight.ufont" 123
"../../../Engine/Content/EngineFonts/Faces/RobotoItalic.uasset" 124
"../../../Engine/Content/EngineFonts/Faces/RobotoItalic.uexp" 125
"../../../Engine/Content/EngineFonts/Faces/RobotoItalic.ufont" 126
"../../../Engine/Content/EngineFonts/Faces/RobotoBoldItalic.uasset" 127
"../../../Engine/Content/EngineFonts/Faces/RobotoBoldItalic.uexp" 128
"../../../Engine/Content/EngineFonts/Faces/RobotoBoldItalic.ufont" 129
"../../../Engine/Content/EngineFonts/Faces/RobotoBold.uasset" 130
"../../../Engine/Content/EngineFonts/Faces/RobotoBold.uexp" 131
"../../../Engine/Content/EngineFonts/Faces/RobotoBold.ufont" 132
"../../../Engine/Content/EngineFonts/Faces/DroidSansFallback.uasset" 133
"../../../Engine/Content/EngineFonts/Faces/DroidSansFallback.uexp" 134
"../../../Engine/Content/EngineFonts/Faces/DroidSansFallback.ufont" 135
"../../../Engine/Content/EngineFonts/Roboto.uasset" 136
"../../../Engine/Content/EngineFonts/Roboto.uexp" 137
"../../../Engine/Content/EngineMaterials/BaseFlattenNormalMap.uasset" 138
"../../../Engine/Content/EngineMaterials/BaseFlattenNormalMap.uexp" 139
"../../../Engine/Content/EngineMaterials/BaseFlattenGrayscaleMap.uasset" 140
"../../../Engine/Content/EngineMaterials/BaseFlattenGrayscaleMap.uexp" 141
"../../../Engine/Content/EngineMaterials/BaseFlattenEmissiveMap.uasset" 142
"../../../Engine/Content/EngineMaterials/BaseFlattenEmissiveMap.uexp" 143
"../../../Engine/Content/EngineMaterials/BaseFlattenDiffuseMap.uasset" 144
"../../../Engine/Content/EngineMaterials/BaseFlattenDiffuseMap.uexp" 145
"../../../Engine/Content/EngineMaterials/BaseFlattenMaterial.uasset" 146
"../../../Engine/Content/EngineMaterials/BaseFlattenMaterial.uexp" 147
"../../../Engine/Content/EngineMaterials/BlueNoise.uasset" 148
"../../../Engine/Content/EngineMaterials/BlueNoise.uexp" 149
"../../../Engine/Content/EngineMaterials/DefaultBloomKernel.uasset" 150
"../../../Engine/Content/EngineMaterials/DefaultBloomKernel.uexp" 151
"../../../Engine/Content/EngineMaterials/DefaultBokeh.uasset" 152
"../../../Engine/Content/EngineMaterials/DefaultBokeh.uexp" 153
"../../../Engine/Content/EngineMaterials/DefaultDiffuse.uasset" 154
"../../../Engine/Content/EngineMaterials/DefaultDiffuse.uexp" 155
"../../../Engine/Content/EngineMaterials/DefaultDiffuse.ubulk" 156
"../../../Engine/Content/EngineMaterials/DefaultDeferredDecalMaterial.uasset" 157
"../../../Engine/Content/EngineMaterials/DefaultDeferredDecalMaterial.uexp" 158
"../../../Engine/Content/EngineMaterials/DefaultLightFunctionMaterial.uasset" 159
"../../../Engine/Content/EngineMaterials/DefaultLightFunctionMaterial.uexp" 160
"../../../Engine/Content/EngineMaterials/DefaultPhysicalMaterial.uasset" 161
"../../../Engine/Content/EngineMaterials/DefaultPhysicalMaterial.uexp" 162
"../../../Engine/Content/Functions/Engine_MaterialFunctions02/Utility/BreakOutFloat2Components.uasset" 163
"../../../Engine/Content/Functions/Engine_MaterialFunctions02/Utility/BreakOutFloat2Components.uexp" 164
"../../../Engine/Content/EngineMaterials/DefaultPostProcessMaterial.uasset" 165
"../../../Engine/Content/EngineMaterials/DefaultPostProcessMaterial.uexp" 166
"../../../Engine/Content/EngineFonts/RobotoDistanceField.uasset" 167
"../../../Engine/Content/EngineFonts/RobotoDistanceField.uexp" 168
"../../../Engine/Content/EngineMaterials/DefaultTextMaterialOpaque.uasset" 169
"../../../Engine/Content/EngineMaterials/DefaultTextMaterialOpaque.uexp" 170
"../../../Engine/Content/EngineMaterials/DefaultWhiteGrid_Low.uasset" 171
"../../../Engine/Content/EngineMaterials/DefaultWhiteGrid_Low.uexp" 172
"../../../Engine/Content/EngineMaterials/EmissiveMeshMaterial.uasset" 173
"../../../Engine/Content/EngineMaterials/EmissiveMeshMaterial.uexp" 174
"../../../Engine/Content/EngineMaterials/GizmoMaterial.uasset" 175
"../../../Engine/Content/EngineMaterials/GizmoMaterial.uexp" 176
"../../../Engine/Content/EngineMaterials/Good64x64TilingNoiseHighFreq.uasset" 177
"../../../Engine/Content/EngineMaterials/Good64x64TilingNoiseHighFreq.uexp" 178
"../../../Engine/Content/EngineMaterials/MiniFont.uasset" 179
"../../../Engine/Content/EngineMaterials/MiniFont.uexp" 180
"../../../Engine/Content/EngineMaterials/InvalidLightmapSettings.uasset" 181
"../../../Engine/Content/EngineMaterials/InvalidLightmapSettings.uexp" 182
"../../../Engine/Content/EngineMaterials/InvalidLightmapSettings.ubulk" 183
"../../../Engine/Content/EngineMaterials/M_InvalidLightmapSettings.uasset" 184
"../../../Engine/Content/EngineMaterials/M_InvalidLightmapSettings.uexp" 185
"../../../Engine/Content/Functions/Engine_MaterialFunctions02/WorldPositionOffset/CameraOffset.uasset" 186
"../../../Engine/Content/Functions/Engine_MaterialFunctions02/WorldPositionOffset/CameraOffset.uexp" 187
"../../../Engine/Content/EngineMaterials/PhAT_JointLimitMaterial.uasset" 188
"../../../Engine/Content/EngineMaterials/PhAT_JointLimitMaterial.uexp" 189
"../../../Engine/Content/EngineMaterials/DefaultCalibrationColor.uasset" 190
"../../../Engine/Content/EngineMaterials/DefaultCalibrationColor.uexp" 191
"../../../Engine/Content/EngineMaterials/PPM_DefaultCalibrationColor.uasset" 192
"../../../Engine/Content/EngineMaterials/PPM_DefaultCalibrationColor.uexp" 193
"../../../Engine/Content/EngineMaterials/DefaultCalibrationGrayscale.uasset" 194
"../../../Engine/Content/EngineMaterials/DefaultCalibrationGrayscale.uexp" 195
"../../../Engine/Content/EngineMaterials/PPM_DefaultCalibrationGrayscale.uasset" 196
"../../../Engine/Content/EngineMaterials/PPM_DefaultCalibrationGrayscale.uexp" 197
"../../../Engine/Content/EngineMaterials/PreintegratedSkinBRDF.uasset" 198
"../../../Engine/Content/EngineMaterials/PreintegratedSkinBRDF.uexp" 199
"../../../Engine/Content/EngineMaterials/RemoveSurfaceMaterial.uasset" 200
"../../../Engine/Content/EngineMaterials/RemoveSurfaceMaterial.uexp" 201
"../../../Engine/Content/EngineMaterials/WeightMapPlaceholderTexture.uasset" 202
"../../../Engine/Content/EngineMaterials/WeightMapPlaceholderTexture.uexp" 203
"../../../Engine/Content/EngineResources/WhiteSquareTexture.uasset" 204
"../../../Engine/Content/EngineResources/WhiteSquareTexture.uexp" 205
"../../../Engine/Content/EngineMaterials/Widget3DPassThrough.uasset" 206
"../../../Engine/Content/EngineMaterials/Widget3DPassThrough.uexp" 207
"../../../Engine/Content/EngineMaterials/Widget3DPassThrough_Masked.uasset" 208
"../../../Engine/Content/EngineMaterials/Widget3DPassThrough_Masked.uexp" 209
"../../../Engine/Content/EngineMaterials/Widget3DPassThrough_Opaque.uasset" 210
"../../../Engine/Content/EngineMaterials/Widget3DPassThrough_Opaque.uexp" 211
"../../../Engine/Content/EngineMaterials/Widget3DPassThrough_Masked_OneSided.uasset" 212
"../../../Engine/Content/EngineMaterials/Widget3DPassThrough_Masked_OneSided.uexp" 213
"../../../Engine/Content/EngineMaterials/Widget3DPassThrough_Opaque_OneSided.uasset" 214
"../../../Engine/Content/EngineMaterials/Widget3DPassThrough_Opaque_OneSided.uexp" 215
"../../../Engine/Content/EngineMaterials/Widget3DPassThrough_Translucent.uasset" 216
"../../../Engine/Content/EngineMaterials/Widget3DPassThrough_Translucent.uexp" 217
"../../../Engine/Content/EngineMaterials/Widget3DPassThrough_Translucent_OneSided.uasset" 218
"../../../Engine/Content/EngineMaterials/Widget3DPassThrough_Translucent_OneSided.uexp" 219
"../../../Engine/Content/EngineMeshes/Cylinder.uasset" 220
"../../../Engine/Content/EngineMeshes/Cylinder.uexp" 221
"../../../Engine/Content/EngineMeshes/Sphere.uasset" 222
"../../../Engine/Content/EngineMeshes/Sphere.uexp" 223
"../../../Engine/Content/EngineResources/DefaultTexture.uasset" 224
"../../../Engine/Content/EngineResources/DefaultTexture.uexp" 225
"../../../Engine/Content/EngineResources/DefaultTexture.ubulk" 226
"../../../Engine/Content/EngineResources/DefaultTextureCube.uasset" 227
"../../../Engine/Content/EngineResources/DefaultTextureCube.uexp" 228
"../../../Engine/Content/EngineResources/DefaultVolumeTexture2D.uasset" 229
"../../../Engine/Content/EngineResources/DefaultVolumeTexture2D.uexp" 230
"../../../Engine/Content/EngineResources/DefaultVolumeTexture.uasset" 231
"../../../Engine/Content/EngineResources/DefaultVolumeTexture.uexp" 232
"../../../Engine/Content/EngineResources/GradientTexture0.uasset" 233
"../../../Engine/Content/EngineResources/GradientTexture0.uexp" 234
"../../../Engine/Content/EngineSky/VolumetricClouds/T_NoiseShape64.uasset" 235
"../../../Engine/Content/EngineSky/VolumetricClouds/T_NoiseShape64.uexp" 236
"../../../Engine/Content/EngineSky/VolumetricClouds/T_NoiseShape64.ubulk" 237
"../../../Engine/Content/EngineSky/VolumetricClouds/T_VolumeNoiseShape64.uasset" 238
"../../../Engine/Content/EngineSky/VolumetricClouds/T_VolumeNoiseShape64.uexp" 239
"../../../Engine/Content/EngineSky/VolumetricClouds/T_NoiseErosion.uasset" 240
"../../../Engine/Content/EngineSky/VolumetricClouds/T_NoiseErosion.uexp" 241
"../../../Engine/Content/EngineSky/VolumetricClouds/T_NoiseErosion.ubulk" 242
"../../../Engine/Content/EngineSky/VolumetricClouds/T_VolumeNoiseErosion32.uasset" 243
"../../../Engine/Content/EngineSky/VolumetricClouds/T_VolumeNoiseErosion32.uexp" 244
"../../../Engine/Content/Functions/Engine_MaterialFunctions02/Utility/MakeFloat2.uasset" 245
"../../../Engine/Content/Functions/Engine_MaterialFunctions02/Utility/MakeFloat2.uexp" 246
"../../../Engine/Content/EngineSky/VolumetricClouds/CloudWeatherTexture.uasset" 247
"../../../Engine/Content/EngineSky/VolumetricClouds/CloudWeatherTexture.uexp" 248
"../../../Engine/Content/EngineSky/VolumetricClouds/CloudGradientTexture.uasset" 249
"../../../Engine/Content/EngineSky/VolumetricClouds/CloudGradientTexture.uexp" 250
"../../../Engine/Content/EngineSky/VolumetricClouds/m_SimpleVolumetricCloud.uasset" 251
"../../../Engine/Content/EngineSky/VolumetricClouds/m_SimpleVolumetricCloud.uexp" 252
"../../../Engine/Content/EngineSky/VolumetricClouds/m_SimpleVolumetricCloud_Inst.uasset" 253
"../../../Engine/Content/EngineSky/VolumetricClouds/m_SimpleVolumetricCloud_Inst.uexp" 254
"../../../Engine/Content/EngineSounds/Master.uasset" 255
"../../../Engine/Content/EngineSounds/Master.uexp" 256
"../../../Engine/Content/Functions/Engine_MaterialFunctions01/Shading/PowerToRoughness.uasset" 257
"../../../Engine/Content/Functions/Engine_MaterialFunctions01/Shading/PowerToRoughness.uexp" 258
"../../../Engine/Content/Maps/Templates/Thumbnails/Default.uasset" 259
"../../../Engine/Content/Maps/Templates/Thumbnails/Default.uexp" 260
"../../../Engine/Content/Maps/Templates/Thumbnails/TimeOfDay.uasset" 261
"../../../Engine/Content/Maps/Templates/Thumbnails/TimeOfDay.uexp" 262
"../../../Engine/Content/Maps/Templates/Thumbnails/VR-Basic.uasset" 263
"../../../Engine/Content/Maps/Templates/Thumbnails/VR-Basic.uexp" 264
"../../../Engine/Content/MobileResources/T_MobileControls_texture.uasset" 265
"../../../Engine/Content/MobileResources/T_MobileControls_texture.uexp" 266
"../../../Engine/Content/MobileResources/T_MobileMenu2.uasset" 267
"../../../Engine/Content/MobileResources/T_MobileMenu2.uexp" 268
"../../../Engine/Content/MobileResources/HUD/AnalogHat.uasset" 269
"../../../Engine/Content/MobileResources/HUD/AnalogHat.uexp" 270
"../../../Engine/Content/MobileResources/HUD/VirtualJoystick_Thumb.uasset" 271
"../../../Engine/Content/MobileResources/HUD/VirtualJoystick_Thumb.uexp" 272
"../../../Engine/Content/MobileResources/HUD/VirtualJoystick_Background.uasset" 273
"../../../Engine/Content/MobileResources/HUD/VirtualJoystick_Background.uexp" 274
"../../../Engine/Content/MobileResources/HUD/DefaultVirtualJoysticks.uasset" 275
"../../../Engine/Content/MobileResources/HUD/DefaultVirtualJoysticks.uexp" 276
"../../../Engine/Content/MobileResources/HUD/LeftVirtualJoystickOnly.uasset" 277
"../../../Engine/Content/MobileResources/HUD/LeftVirtualJoystickOnly.uexp" 278
"../../../Engine/Content/MobileResources/HUD/MobileHUDButton1_off.uasset" 279
"../../../Engine/Content/MobileResources/HUD/MobileHUDButton1_off.uexp" 280
"../../../Engine/Content/MobileResources/HUD/MobileHUDButton1_on.uasset" 281
"../../../Engine/Content/MobileResources/HUD/MobileHUDButton1_on.uexp" 282
"../../../Engine/Content/MobileResources/HUD/MobileHUDButton2_off.uasset" 283
"../../../Engine/Content/MobileResources/HUD/MobileHUDButton2_off.uexp" 284
"../../../Engine/Content/MobileResources/HUD/MobileHUDButton2_on.uasset" 285
"../../../Engine/Content/MobileResources/HUD/MobileHUDButton2_on.uexp" 286
"../../../Engine/Content/MobileResources/HUD/MobileHUDButton3.uasset" 287
"../../../Engine/Content/MobileResources/HUD/MobileHUDButton3.uexp" 288
"../../../Engine/Content/MobileResources/HUD/MobileHUDButtonFire.uasset" 289
"../../../Engine/Content/MobileResources/HUD/MobileHUDButtonFire.uexp" 290
"../../../Engine/Content/MobileResources/HUD/MobileHUDDirectionPad.uasset" 291
"../../../Engine/Content/MobileResources/HUD/MobileHUDDirectionPad.uexp" 292
"../../../Engine/Content/MobileResources/HUD/MobileHUDDirectionPad2.uasset" 293
"../../../Engine/Content/MobileResources/HUD/MobileHUDDirectionPad2.uexp" 294
"../../../Engine/Content/MobileResources/HUD/MobileHUDDirectionPad3.uasset" 295
"../../../Engine/Content/MobileResources/HUD/MobileHUDDirectionPad3.uexp" 296
"../../../Engine/Content/MobileResources/HUD/MobileHUDDirectionStick.uasset" 297
"../../../Engine/Content/MobileResources/HUD/MobileHUDDirectionStick.uexp" 298
"../../../Engine/Content/MobileResources/HUD/T_Castle_ThumbstickInner.uasset" 299
"../../../Engine/Content/MobileResources/HUD/T_Castle_ThumbstickInner.uexp" 300
"../../../Engine/Content/MobileResources/HUD/T_Castle_ThumbstickOutter.uasset" 301
"../../../Engine/Content/MobileResources/HUD/T_Castle_ThumbstickOutter.uexp" 302
"../../../Engine/Content/Tutorial/ContentIntroCurve.uasset" 303
"../../../Engine/Content/Tutorial/ContentIntroCurve.uexp" 304
"../../../Engine/Content/Tutorial/Basics/TutorialAssets/icon_tab_Levels_40x.uasset" 305
"../../../Engine/Content/Tutorial/Basics/TutorialAssets/icon_tab_Levels_40x.uexp" 306
"../../../Engine/Content/Tutorial/BlueprintTutorials/TutorialAssets/Blueprint_64x.uasset" 307
"../../../Engine/Content/Tutorial/BlueprintTutorials/TutorialAssets/Blueprint_64x.uexp" 308
"../../../Engine/Content/Tutorial/Landscape/TutorialAssets/Landscape.uasset" 309
"../../../Engine/Content/Tutorial/Landscape/TutorialAssets/Landscape.uexp" 310
"../../../Engine/Content/EditorBlueprintResources/StandardMacros.uasset" 311
"../../../Engine/Content/EditorBlueprintResources/StandardMacros.uexp" 312
"../../../Engine/Content/VREditor/TransformGizmo/TranslucentTransformGizmoMaterial.uasset" 313
"../../../Engine/Content/VREditor/TransformGizmo/TranslucentTransformGizmoMaterial.uexp" 314
"../../../Engine/Content/VREditor/LaserPointer/VR_LaserPower_01.uasset" 315
"../../../Engine/Content/VREditor/LaserPointer/VR_LaserPower_01.uexp" 316
"../../../Engine/Content/VREditor/LaserPointer/VR_LaserPower_01.ubulk" 317
"../../../Engine/Content/VREditor/TransformGizmo/TransformGizmoMaterial.uasset" 318
"../../../Engine/Content/VREditor/TransformGizmo/TransformGizmoMaterial.uexp" 319
"../../../Engine/Content/VREditor/TransformGizmo/BoundingBoxCorner.uasset" 320
"../../../Engine/Content/VREditor/TransformGizmo/BoundingBoxCorner.uexp" 321
"../../../Engine/Content/VREditor/TransformGizmo/BoundingBoxEdge.uasset" 322
"../../../Engine/Content/VREditor/TransformGizmo/BoundingBoxEdge.uexp" 323
"../../../Engine/Content/VREditor/TransformGizmo/PlaneTranslationHandle.uasset" 324
"../../../Engine/Content/VREditor/TransformGizmo/PlaneTranslationHandle.uexp" 325
"../../../Engine/Content/VREditor/TransformGizmo/Xray.uasset" 326
"../../../Engine/Content/VREditor/TransformGizmo/Xray.uexp" 327
"../../../Engine/Content/VREditor/TransformGizmo/Main.uasset" 328
"../../../Engine/Content/VREditor/TransformGizmo/Main.uexp" 329
"../../../Engine/Content/VREditor/TransformGizmo/SM_Sequencer_Key.uasset" 330
"../../../Engine/Content/VREditor/TransformGizmo/SM_Sequencer_Key.uexp" 331
"../../../Engine/Content/VREditor/TransformGizmo/SM_Sequencer_Node.uasset" 332
"../../../Engine/Content/VREditor/TransformGizmo/SM_Sequencer_Node.uexp" 333
"../../../Engine/Plugins/2D/Paper2D/Content/PlaceholderTextures/DummySpriteTexture.uasset" 334
"../../../Engine/Plugins/2D/Paper2D/Content/PlaceholderTextures/DummySpriteTexture.uexp" 335
"../../../Engine/Plugins/2D/Paper2D/Content/PlaceholderTextures/DummySpriteTexture.ubulk" 336
"../../../Engine/Plugins/2D/Paper2D/Content/DummySprite.uasset" 337
"../../../Engine/Plugins/2D/Paper2D/Content/DummySprite.uexp" 338
"../../../Engine/Plugins/2D/Paper2D/Content/DefaultPaperTerrainMaterial.uasset" 339
"../../../Engine/Plugins/2D/Paper2D/Content/DefaultPaperTerrainMaterial.uexp" 340
"../../../Engine/Plugins/2D/Paper2D/Content/DefaultSpriteMaterial.uasset" 341
"../../../Engine/Plugins/2D/Paper2D/Content/DefaultSpriteMaterial.uexp" 342
"../../../Engine/Plugins/2D/Paper2D/Content/MaskedUnlitSpriteMaterial.uasset" 343
"../../../Engine/Plugins/2D/Paper2D/Content/MaskedUnlitSpriteMaterial.uexp" 344
"../../../Engine/Plugins/2D/Paper2D/Content/OpaqueUnlitSpriteMaterial.uasset" 345
"../../../Engine/Plugins/2D/Paper2D/Content/OpaqueUnlitSpriteMaterial.uexp" 346
"../../../Engine/Plugins/Marketplace/MinimapPlugin/Content/Textures/Icons/T_Icon_Placeholder.uasset" 347
"../../../Engine/Plugins/Marketplace/MinimapPlugin/Content/Textures/Icons/T_Icon_Placeholder.uexp" 348
"../../../Engine/Plugins/Marketplace/MinimapPlugin/Content/Textures/Icons/T_Icon_Placeholder.ubulk" 349
"../../../Engine/Plugins/Marketplace/MinimapPlugin/Content/Materials/Common/MF_Mask_Circle.uasset" 350
"../../../Engine/Plugins/Marketplace/MinimapPlugin/Content/Materials/Common/MF_Mask_Circle.uexp" 351
"../../../Engine/Plugins/Marketplace/MinimapPlugin/Content/Materials/Common/MF_Mask_Rect.uasset" 352
"../../../Engine/Plugins/Marketplace/MinimapPlugin/Content/Materials/Common/MF_Mask_Rect.uexp" 353
"../../../Engine/Content/Functions/Engine_MaterialFunctions02/Utility/BreakOutFloat4Components.uasset" 354
"../../../Engine/Content/Functions/Engine_MaterialFunctions02/Utility/BreakOutFloat4Components.uexp" 355
"../../../Engine/Plugins/Marketplace/MinimapPlugin/Content/Materials/Common/MF_Mask_CanvasClip.uasset" 356
"../../../Engine/Plugins/Marketplace/MinimapPlugin/Content/Materials/Common/MF_Mask_CanvasClip.uexp" 357
"../../../Engine/Plugins/Marketplace/MinimapPlugin/Content/Materials/Background/M_Canvas_Background.uasset" 358
"../../../Engine/Plugins/Marketplace/MinimapPlugin/Content/Materials/Background/M_Canvas_Background.uexp" 359
"../../../Engine/Plugins/Marketplace/MinimapPlugin/Content/Materials/Background/M_Canvas_BackgroundFill.uasset" 360
"../../../Engine/Plugins/Marketplace/MinimapPlugin/Content/Materials/Background/M_Canvas_BackgroundFill.uexp" 361
"../../../Engine/Plugins/Marketplace/MinimapPlugin/Content/Materials/Fog/M_Canvas_Fog.uasset" 362
"../../../Engine/Plugins/Marketplace/MinimapPlugin/Content/Materials/Fog/M_Canvas_Fog.uexp" 363
"../../../Engine/Plugins/Marketplace/MinimapPlugin/Content/Textures/Fog/T_TestFog.uasset" 364
"../../../Engine/Plugins/Marketplace/MinimapPlugin/Content/Textures/Fog/T_TestFog.uexp" 365
"../../../Engine/Plugins/Marketplace/MinimapPlugin/Content/Textures/Fog/T_TestFog.ubulk" 366
"../../../Engine/Plugins/Marketplace/MinimapPlugin/Content/Materials/Fog/M_FogCombine.uasset" 367
"../../../Engine/Plugins/Marketplace/MinimapPlugin/Content/Materials/Fog/M_FogCombine.uexp" 368
"../../../Engine/Plugins/Marketplace/MinimapPlugin/Content/Materials/Background/MF_UMG_SampleBackground.uasset" 369
"../../../Engine/Plugins/Marketplace/MinimapPlugin/Content/Materials/Background/MF_UMG_SampleBackground.uexp" 370
"../../../Engine/Plugins/Marketplace/MinimapPlugin/Content/Materials/Fog/M_UMG_Fog.uasset" 371
"../../../Engine/Plugins/Marketplace/MinimapPlugin/Content/Materials/Fog/M_UMG_Fog.uexp" 372
"../../../Engine/Content/Functions/Engine_MaterialFunctions02/Texturing/CustomRotator.uasset" 373
"../../../Engine/Content/Functions/Engine_MaterialFunctions02/Texturing/CustomRotator.uexp" 374
"../../../Engine/Plugins/Marketplace/MinimapPlugin/Content/Materials/Fog/M_WorldFog.uasset" 375
"../../../Engine/Plugins/Marketplace/MinimapPlugin/Content/Materials/Fog/M_WorldFog.uexp" 376
"../../../Engine/Plugins/Marketplace/MinimapPlugin/Content/Materials/Icons/M_Canvas_MapIcon.uasset" 377
"../../../Engine/Plugins/Marketplace/MinimapPlugin/Content/Materials/Icons/M_Canvas_MapIcon.uexp" 378
"../../../Engine/Content/Functions/Engine_MaterialFunctions01/Texturing/ScaleUVsByCenter.uasset" 379
"../../../Engine/Content/Functions/Engine_MaterialFunctions01/Texturing/ScaleUVsByCenter.uexp" 380
"../../../Engine/Plugins/Marketplace/MinimapPlugin/Content/Materials/Icons/MF_UMG_SampleIcon.uasset" 381
"../../../Engine/Plugins/Marketplace/MinimapPlugin/Content/Materials/Icons/MF_UMG_SampleIcon.uexp" 382
"../../../Engine/Plugins/Marketplace/MinimapPlugin/Content/Materials/Icons/M_UMG_MapIcon.uasset" 383
"../../../Engine/Plugins/Marketplace/MinimapPlugin/Content/Materials/Icons/M_UMG_MapIcon.uexp" 384
"../../../Engine/Plugins/Marketplace/MinimapPlugin/Content/Materials/Common/MF_InverseLerp.uasset" 385
"../../../Engine/Plugins/Marketplace/MinimapPlugin/Content/Materials/Common/MF_InverseLerp.uexp" 386
"../../../Engine/Plugins/Marketplace/MinimapPlugin/Content/Materials/Revealers/M_Revealer_Circle.uasset" 387
"../../../Engine/Plugins/Marketplace/MinimapPlugin/Content/Materials/Revealers/M_Revealer_Circle.uexp" 388
"../../../Engine/Plugins/Marketplace/MinimapPlugin/Content/Textures/Icons/T_Icon_ObjectiveArrow.uasset" 389
"../../../Engine/Plugins/Marketplace/MinimapPlugin/Content/Textures/Icons/T_Icon_ObjectiveArrow.uexp" 390
"../../../Engine/Content/ArtTools/RenderToTexture/Materials/Debug/M_Emissive_Color.uasset" 391
"../../../Engine/Content/ArtTools/RenderToTexture/Materials/Debug/M_Emissive_Color.uexp" 392
"../../../Engine/Content/BasicShapes/Cylinder.uasset" 393
"../../../Engine/Content/BasicShapes/Cylinder.uexp" 394
"../../../Engine/Plugins/Lumin/MagicLeapPassableWorld/Content/MagicLeapARPinInfoActor.uasset" 395
"../../../Engine/Plugins/Lumin/MagicLeapPassableWorld/Content/MagicLeapARPinInfoActor.uexp" 396
"../../../Engine/Content/Functions/Engine_MaterialFunctions02/Utility/VectorLength.uasset" 397
"../../../Engine/Content/Functions/Engine_MaterialFunctions02/Utility/VectorLength.uexp" 398
"../../../Engine/Content/Functions/Engine_MaterialFunctions02/ObjectLocalBounds.uasset" 399
"../../../Engine/Content/Functions/Engine_MaterialFunctions02/ObjectLocalBounds.uexp" 400
"../../../Engine/Content/Functions/Engine_MaterialFunctions02/Utility/BreakOutFloat3Components.uasset" 401
"../../../Engine/Content/Functions/Engine_MaterialFunctions02/Utility/BreakOutFloat3Components.uexp" 402
"../../../Engine/Plugins/Editor/SpeedTreeImporter/Content/SpeedTree9/UnpackInteger3.uasset" 403
"../../../Engine/Plugins/Editor/SpeedTreeImporter/Content/SpeedTree9/UnpackInteger3.uexp" 404
"../../../Engine/Plugins/Editor/SpeedTreeImporter/Content/SpeedTree9/UnpackDirection.uasset" 405
"../../../Engine/Plugins/Editor/SpeedTreeImporter/Content/SpeedTree9/UnpackDirection.uexp" 406
"../../../Engine/Plugins/Editor/SpeedTreeImporter/Content/SpeedTree9/game_wind_noise.uasset" 407
"../../../Engine/Plugins/Editor/SpeedTreeImporter/Content/SpeedTree9/game_wind_noise.uexp" 408
"../../../Engine/Plugins/Editor/SpeedTreeImporter/Content/SpeedTree9/game_wind_noise.ubulk" 409
"../../../Engine/Content/Functions/Engine_MaterialFunctions02/SafeNormalize.uasset" 410
"../../../Engine/Content/Functions/Engine_MaterialFunctions02/SafeNormalize.uexp" 411
"../../../Engine/Plugins/Editor/SpeedTreeImporter/Content/SpeedTree9/SpeedTreeWindMotion.uasset" 412
"../../../Engine/Plugins/Editor/SpeedTreeImporter/Content/SpeedTree9/SpeedTreeWindMotion.uexp" 413
"../../../Engine/Plugins/Editor/SpeedTreeImporter/Content/SpeedTree9/SpeedTreeBranchMotion.uasset" 414
"../../../Engine/Plugins/Editor/SpeedTreeImporter/Content/SpeedTree9/SpeedTreeBranchMotion.uexp" 415
"../../../Engine/Content/Functions/Engine_MaterialFunctions02/UVs/BoundingBoxBased_0-1_UVW.uasset" 416
"../../../Engine/Content/Functions/Engine_MaterialFunctions02/UVs/BoundingBoxBased_0-1_UVW.uexp" 417
"../../../Engine/Content/Functions/Engine_MaterialFunctions02/WorldPositionOffset/ObjectScale.uasset" 418
"../../../Engine/Content/Functions/Engine_MaterialFunctions02/WorldPositionOffset/ObjectScale.uexp" 419
"../../../Engine/Plugins/Editor/SpeedTreeImporter/Content/SpeedTree9/SpeedTreeWind.uasset" 420
"../../../Engine/Plugins/Editor/SpeedTreeImporter/Content/SpeedTree9/SpeedTreeWind.uexp" 421
"../../../Engine/Plugins/Editor/SpeedTreeImporter/Content/SpeedTree9/SpeedTreeBillboard.uasset" 422
"../../../Engine/Plugins/Editor/SpeedTreeImporter/Content/SpeedTree9/SpeedTreeBillboard.uexp" 423
"../../../Engine/Plugins/Editor/SpeedTreeImporter/Content/SpeedTree9/EmptyNormal.uasset" 424
"../../../Engine/Plugins/Editor/SpeedTreeImporter/Content/SpeedTree9/EmptyNormal.uexp" 425
"../../../Engine/Plugins/Editor/SpeedTreeImporter/Content/SpeedTree9/Empty.uasset" 426
"../../../Engine/Plugins/Editor/SpeedTreeImporter/Content/SpeedTree9/Empty.uexp" 427
"../../../Engine/Plugins/Editor/SpeedTreeImporter/Content/SpeedTree9/SpeedTreeBillboardMaster.uasset" 428
"../../../Engine/Plugins/Editor/SpeedTreeImporter/Content/SpeedTree9/SpeedTreeBillboardMaster.uexp" 429
"../../../Engine/Plugins/Editor/SpeedTreeImporter/Content/SpeedTree9/SpeedTreeCameraFacing.uasset" 430
"../../../Engine/Plugins/Editor/SpeedTreeImporter/Content/SpeedTree9/SpeedTreeCameraFacing.uexp" 431
"../../../Engine/Plugins/Editor/SpeedTreeImporter/Content/SpeedTree9/SpeedTreeMaster.uasset" 432
"../../../Engine/Plugins/Editor/SpeedTreeImporter/Content/SpeedTree9/SpeedTreeMaster.uexp" 433
"../../../Engine/Content/EngineResources/Black.uasset" 434
"../../../Engine/Content/EngineResources/Black.uexp" 435
"../../../Engine/Plugins/Runtime/OpenXR/Content/Devices/GoogleDaydream/MRTexture.uasset" 436
"../../../Engine/Plugins/Runtime/OpenXR/Content/Devices/GoogleDaydream/MRTexture.uexp" 437
"../../../Engine/Plugins/Runtime/OpenXR/Content/Devices/GoogleDaydream/MRTexture.ubulk" 438
"../../../Engine/Plugins/Runtime/OpenXR/Content/Devices/GoogleDaydream/BaseTexture.uasset" 439
"../../../Engine/Plugins/Runtime/OpenXR/Content/Devices/GoogleDaydream/BaseTexture.uexp" 440
"../../../Engine/Plugins/Runtime/OpenXR/Content/Devices/GoogleDaydream/BaseTexture.ubulk" 441
"../../../Engine/Plugins/Runtime/OpenXR/Content/Devices/M_XRController.uasset" 442
"../../../Engine/Plugins/Runtime/OpenXR/Content/Devices/M_XRController.uexp" 443
"../../../Engine/Plugins/Runtime/OpenXR/Content/Devices/GoogleDaydream/MI_GoogleDaydream.uasset" 444
"../../../Engine/Plugins/Runtime/OpenXR/Content/Devices/GoogleDaydream/MI_GoogleDaydream.uexp" 445
"../../../Engine/Plugins/Runtime/OpenXR/Content/Devices/GoogleDaydream/GoogleDaydreamController.uasset" 446
"../../../Engine/Plugins/Runtime/OpenXR/Content/Devices/GoogleDaydream/GoogleDaydreamController.uexp" 447
"../../../Engine/Plugins/Runtime/OpenXR/Content/Devices/HTCVive/BaseTexture.uasset" 448
"../../../Engine/Plugins/Runtime/OpenXR/Content/Devices/HTCVive/BaseTexture.uexp" 449
"../../../Engine/Plugins/Runtime/OpenXR/Content/Devices/HTCVive/BaseTexture.ubulk" 450
"../../../Engine/Plugins/Runtime/OpenXR/Content/Devices/HTCVive/MI_HTCVive.uasset" 451
"../../../Engine/Plugins/Runtime/OpenXR/Content/Devices/HTCVive/MI_HTCVive.uexp" 452
"../../../Engine/Plugins/Runtime/OpenXR/Content/Devices/HTCVive/HTCViveController.uasset" 453
"../../../Engine/Plugins/Runtime/OpenXR/Content/Devices/HTCVive/HTCViveController.uexp" 454
"../../../Engine/Plugins/Runtime/OpenXR/Content/Devices/MicrosoftMixedReality/NormalTexture.uasset" 455
"../../../Engine/Plugins/Runtime/OpenXR/Content/Devices/MicrosoftMixedReality/NormalTexture.uexp" 456
"../../../Engine/Plugins/Runtime/OpenXR/Content/Devices/MicrosoftMixedReality/NormalTexture.ubulk" 457
"../../../Engine/Plugins/Runtime/OpenXR/Content/Devices/MicrosoftMixedReality/MRTexture.uasset" 458
"../../../Engine/Plugins/Runtime/OpenXR/Content/Devices/MicrosoftMixedReality/MRTexture.uexp" 459
"../../../Engine/Plugins/Runtime/OpenXR/Content/Devices/MicrosoftMixedReality/MRTexture.ubulk" 460
"../../../Engine/Plugins/Runtime/OpenXR/Content/Devices/MicrosoftMixedReality/EmissiveTexture.uasset" 461
"../../../Engine/Plugins/Runtime/OpenXR/Content/Devices/MicrosoftMixedReality/EmissiveTexture.uexp" 462
"../../../Engine/Plugins/Runtime/OpenXR/Content/Devices/MicrosoftMixedReality/EmissiveTexture.ubulk" 463
"../../../Engine/Plugins/Runtime/OpenXR/Content/Devices/MicrosoftMixedReality/BaseTexture.uasset" 464
"../../../Engine/Plugins/Runtime/OpenXR/Content/Devices/MicrosoftMixedReality/BaseTexture.uexp" 465
"../../../Engine/Plugins/Runtime/OpenXR/Content/Devices/MicrosoftMixedReality/BaseTexture.ubulk" 466
"../../../Engine/Plugins/Runtime/OpenXR/Content/Devices/MicrosoftMixedReality/MI_MicrosoftMixedReality.uasset" 467
"../../../Engine/Plugins/Runtime/OpenXR/Content/Devices/MicrosoftMixedReality/MI_MicrosoftMixedReality.uexp" 468
"../../../Engine/Plugins/Runtime/OpenXR/Content/Devices/MicrosoftMixedReality/Left/left_MicrosoftMixedRealityController.uasset" 469
"../../../Engine/Plugins/Runtime/OpenXR/Content/Devices/MicrosoftMixedReality/Left/left_MicrosoftMixedRealityController.uexp" 470
"../../../Engine/Plugins/Runtime/OpenXR/Content/Devices/MicrosoftMixedReality/Right/right_MicrosoftMixedRealityController.uasset" 471
"../../../Engine/Plugins/Runtime/OpenXR/Content/Devices/MicrosoftMixedReality/Right/right_MicrosoftMixedRealityController.uexp" 472
"../../../Engine/Plugins/Runtime/OpenXR/Content/Devices/OculusGo/BaseTexture.uasset" 473
"../../../Engine/Plugins/Runtime/OpenXR/Content/Devices/OculusGo/BaseTexture.uexp" 474
"../../../Engine/Plugins/Runtime/OpenXR/Content/Devices/OculusGo/BaseTexture.ubulk" 475
"../../../Engine/Plugins/Runtime/OpenXR/Content/Devices/OculusGo/MI_OculusGo.uasset" 476
"../../../Engine/Plugins/Runtime/OpenXR/Content/Devices/OculusGo/MI_OculusGo.uexp" 477
"../../../Engine/Plugins/Runtime/OpenXR/Content/Devices/OculusGo/OculusGoController.uasset" 478
"../../../Engine/Plugins/Runtime/OpenXR/Content/Devices/OculusGo/OculusGoController.uexp" 479
"../../../Engine/Plugins/Runtime/OpenXR/Content/Devices/OculusTouch/MRTexture.uasset" 480
"../../../Engine/Plugins/Runtime/OpenXR/Content/Devices/OculusTouch/MRTexture.uexp" 481
"../../../Engine/Plugins/Runtime/OpenXR/Content/Devices/OculusTouch/MRTexture.ubulk" 482
"../../../Engine/Plugins/Runtime/OpenXR/Content/Devices/OculusTouch/BaseTexture.uasset" 483
"../../../Engine/Plugins/Runtime/OpenXR/Content/Devices/OculusTouch/BaseTexture.uexp" 484
"../../../Engine/Plugins/Runtime/OpenXR/Content/Devices/OculusTouch/BaseTexture.ubulk" 485
"../../../Engine/Plugins/Runtime/OpenXR/Content/Devices/OculusTouch/MI_OculusTouch.uasset" 486
"../../../Engine/Plugins/Runtime/OpenXR/Content/Devices/OculusTouch/MI_OculusTouch.uexp" 487
"../../../Engine/Plugins/Runtime/OpenXR/Content/Devices/OculusTouch/Left/left_OculusTouchController.uasset" 488
"../../../Engine/Plugins/Runtime/OpenXR/Content/Devices/OculusTouch/Left/left_OculusTouchController.uexp" 489
"../../../Engine/Plugins/Runtime/OpenXR/Content/Devices/OculusTouch/Right/right_OculusTouchController.uasset" 490
"../../../Engine/Plugins/Runtime/OpenXR/Content/Devices/OculusTouch/Right/right_OculusTouchController.uexp" 491
"../../../Engine/Plugins/Runtime/OpenXR/Content/Devices/OculusTouch_v2/MRTexture.uasset" 492
"../../../Engine/Plugins/Runtime/OpenXR/Content/Devices/OculusTouch_v2/MRTexture.uexp" 493
"../../../Engine/Plugins/Runtime/OpenXR/Content/Devices/OculusTouch_v2/MRTexture.ubulk" 494
"../../../Engine/Plugins/Runtime/OpenXR/Content/Devices/OculusTouch_v2/BaseTexture.uasset" 495
"../../../Engine/Plugins/Runtime/OpenXR/Content/Devices/OculusTouch_v2/BaseTexture.uexp" 496
"../../../Engine/Plugins/Runtime/OpenXR/Content/Devices/OculusTouch_v2/BaseTexture.ubulk" 497
"../../../Engine/Plugins/Runtime/OpenXR/Content/Devices/OculusTouch_v2/MI_OculusTouch_v2.uasset" 498
"../../../Engine/Plugins/Runtime/OpenXR/Content/Devices/OculusTouch_v2/MI_OculusTouch_v2.uexp" 499
"../../../Engine/Plugins/Runtime/OpenXR/Content/Devices/OculusTouch_v2/Left/left_OculusTouch_v2Controller.uasset" 500
"../../../Engine/Plugins/Runtime/OpenXR/Content/Devices/OculusTouch_v2/Left/left_OculusTouch_v2Controller.uexp" 501
"../../../Engine/Plugins/Runtime/OpenXR/Content/Devices/OculusTouch_v2/Right/right_OculusTouch_v2Controller.uasset" 502
"../../../Engine/Plugins/Runtime/OpenXR/Content/Devices/OculusTouch_v2/Right/right_OculusTouch_v2Controller.uexp" 503
"../../../Engine/Plugins/Runtime/OpenXR/Content/Devices/OculusTouch_v3/MRTexture.uasset" 504
"../../../Engine/Plugins/Runtime/OpenXR/Content/Devices/OculusTouch_v3/MRTexture.uexp" 505
"../../../Engine/Plugins/Runtime/OpenXR/Content/Devices/OculusTouch_v3/MRTexture.ubulk" 506
"../../../Engine/Plugins/Runtime/OpenXR/Content/Devices/OculusTouch_v3/BaseTexture.uasset" 507
"../../../Engine/Plugins/Runtime/OpenXR/Content/Devices/OculusTouch_v3/BaseTexture.uexp" 508
"../../../Engine/Plugins/Runtime/OpenXR/Content/Devices/OculusTouch_v3/BaseTexture.ubulk" 509
"../../../Engine/Plugins/Runtime/OpenXR/Content/Devices/OculusTouch_v3/MI_OculusTouch_v3.uasset" 510
"../../../Engine/Plugins/Runtime/OpenXR/Content/Devices/OculusTouch_v3/MI_OculusTouch_v3.uexp" 511
"../../../Engine/Plugins/Runtime/OpenXR/Content/Devices/OculusTouch_v3/Left/left_OculusTouch_v3Controller.uasset" 512
"../../../Engine/Plugins/Runtime/OpenXR/Content/Devices/OculusTouch_v3/Left/left_OculusTouch_v3Controller.uexp" 513
"../../../Engine/Plugins/Runtime/OpenXR/Content/Devices/OculusTouch_v3/Right/right_OculusTouch_v3Controller.uasset" 514
"../../../Engine/Plugins/Runtime/OpenXR/Content/Devices/OculusTouch_v3/Right/right_OculusTouch_v3Controller.uexp" 515
"../../../Engine/Plugins/Runtime/OpenXR/Content/Devices/ValveIndex/MRTexture.uasset" 516
"../../../Engine/Plugins/Runtime/OpenXR/Content/Devices/ValveIndex/MRTexture.uexp" 517
"../../../Engine/Plugins/Runtime/OpenXR/Content/Devices/ValveIndex/MRTexture.ubulk" 518
"../../../Engine/Plugins/Runtime/OpenXR/Content/Devices/ValveIndex/BaseTexture.uasset" 519
"../../../Engine/Plugins/Runtime/OpenXR/Content/Devices/ValveIndex/BaseTexture.uexp" 520
"../../../Engine/Plugins/Runtime/OpenXR/Content/Devices/ValveIndex/BaseTexture.ubulk" 521
"../../../Engine/Plugins/Runtime/OpenXR/Content/Devices/ValveIndex/Left/MI_left_ValveIndex.uasset" 522
"../../../Engine/Plugins/Runtime/OpenXR/Content/Devices/ValveIndex/Left/MI_left_ValveIndex.uexp" 523
"../../../Engine/Plugins/Runtime/OpenXR/Content/Devices/ValveIndex/Left/left_ValveIndexController.uasset" 524
"../../../Engine/Plugins/Runtime/OpenXR/Content/Devices/ValveIndex/Left/left_ValveIndexController.uexp" 525
"../../../Engine/Plugins/Runtime/OpenXR/Content/Devices/ValveIndex/Right/MI_right_ValveIndex.uasset" 526
"../../../Engine/Plugins/Runtime/OpenXR/Content/Devices/ValveIndex/Right/MI_right_ValveIndex.uexp" 527
"../../../Engine/Plugins/Runtime/OpenXR/Content/Devices/ValveIndex/Right/right_ValveIndexController.uasset" 528
"../../../Engine/Plugins/Runtime/OpenXR/Content/Devices/ValveIndex/Right/right_ValveIndexController.uexp" 529
"../../../Engine/Content/Functions/Engine_MaterialFunctions02/Utility/MakeFloat3.uasset" 530
"../../../Engine/Content/Functions/Engine_MaterialFunctions02/Utility/MakeFloat3.uexp" 531
"../../../Engine/Plugins/Runtime/Oculus/OculusVR/Content/Materials/OculusMR_ChromaKey.uasset" 532
"../../../Engine/Plugins/Runtime/Oculus/OculusVR/Content/Materials/OculusMR_ChromaKey.uexp" 533
"../../../Engine/Plugins/Runtime/Oculus/OculusVR/Content/Materials/OculusMR_OpaqueColoredMaterial.uasset" 534
"../../../Engine/Plugins/Runtime/Oculus/OculusVR/Content/Materials/OculusMR_OpaqueColoredMaterial.uexp" 535
"../../../Engine/Plugins/Runtime/Oculus/OculusVR/Content/Materials/PokeAHoleMaterial.uasset" 536
"../../../Engine/Plugins/Runtime/Oculus/OculusVR/Content/Materials/PokeAHoleMaterial.uexp" 537
"../../../Engine/Plugins/Runtime/Oculus/OculusVR/Content/Textures/touchController_controlmap.uasset" 538
"../../../Engine/Plugins/Runtime/Oculus/OculusVR/Content/Textures/touchController_controlmap.uexp" 539
"../../../Engine/Plugins/Runtime/Oculus/OculusVR/Content/Textures/touchController_controlmap.ubulk" 540
"../../../Engine/Plugins/Runtime/Oculus/OculusVR/Content/Textures/touchController_albedo.uasset" 541
"../../../Engine/Plugins/Runtime/Oculus/OculusVR/Content/Textures/touchController_albedo.uexp" 542
"../../../Engine/Plugins/Runtime/Oculus/OculusVR/Content/Textures/touchController_albedo.ubulk" 543
"../../../Engine/Plugins/Runtime/Oculus/OculusVR/Content/Materials/touchController_mat.uasset" 544
"../../../Engine/Plugins/Runtime/Oculus/OculusVR/Content/Materials/touchController_mat.uexp" 545
"../../../Engine/Plugins/Runtime/Oculus/OculusVR/Content/Meshes/LeftTouchController.uasset" 546
"../../../Engine/Plugins/Runtime/Oculus/OculusVR/Content/Meshes/LeftTouchController.uexp" 547
"../../../Engine/Plugins/Runtime/Oculus/OculusVR/Content/Textures/TouchForQuestRiftSController_albedo.uasset" 548
"../../../Engine/Plugins/Runtime/Oculus/OculusVR/Content/Textures/TouchForQuestRiftSController_albedo.uexp" 549
"../../../Engine/Plugins/Runtime/Oculus/OculusVR/Content/Textures/TouchForQuestRiftSController_albedo.ubulk" 550
"../../../Engine/Plugins/Runtime/Oculus/OculusVR/Content/Materials/TouchForQuestRiftSControllerMaterial.uasset" 551
"../../../Engine/Plugins/Runtime/Oculus/OculusVR/Content/Materials/TouchForQuestRiftSControllerMaterial.uexp" 552
"../../../Engine/Plugins/Runtime/Oculus/OculusVR/Content/Meshes/LeftTouchForQuestRiftSController.uasset" 553
"../../../Engine/Plugins/Runtime/Oculus/OculusVR/Content/Meshes/LeftTouchForQuestRiftSController.uexp" 554
"../../../Engine/Plugins/Runtime/Oculus/OculusVR/Content/Meshes/RiftHMD.uasset" 555
"../../../Engine/Plugins/Runtime/Oculus/OculusVR/Content/Meshes/RiftHMD.uexp" 556
"../../../Engine/Plugins/Runtime/Oculus/OculusVR/Content/Meshes/RightTouchController.uasset" 557
"../../../Engine/Plugins/Runtime/Oculus/OculusVR/Content/Meshes/RightTouchController.uexp" 558
"../../../Engine/Plugins/Runtime/Oculus/OculusVR/Content/Meshes/RightTouchForQuestRiftSController.uasset" 559
"../../../Engine/Plugins/Runtime/Oculus/OculusVR/Content/Meshes/RightTouchForQuestRiftSController.uexp" 560
"../../../Engine/Plugins/Marketplace/MinimapPlugin/Content/Textures/RT_MinimapSnapshot.uasset" 561
"../../../Engine/Plugins/Marketplace/MinimapPlugin/Content/Textures/RT_MinimapSnapshot.uexp" 562
"../../../Engine/Plugins/Marketplace/MinimapPlugin/Content/Materials/Background/M_UMG_CircleMask.uasset" 563
"../../../Engine/Plugins/Marketplace/MinimapPlugin/Content/Materials/Background/M_UMG_CircleMask.uexp" 564
"../../../Engine/Plugins/Marketplace/MinimapPlugin/Content/Widgets/MinimapInternal_Tooltip.uasset" 565
"../../../Engine/Plugins/Marketplace/MinimapPlugin/Content/Widgets/MinimapInternal_Tooltip.uexp" 566
"../../../Engine/Plugins/Marketplace/MinimapPlugin/Content/Widgets/MinimapInternal_BoxSelect.uasset" 567
"../../../Engine/Plugins/Marketplace/MinimapPlugin/Content/Widgets/MinimapInternal_BoxSelect.uexp" 568
"../../../Engine/Plugins/Marketplace/MinimapPlugin/Content/Widgets/MinimapInternal_IconMouseCapture.uasset" 569
"../../../Engine/Plugins/Marketplace/MinimapPlugin/Content/Widgets/MinimapInternal_IconMouseCapture.uexp" 570
"../../../Engine/Content/EditorResources/Ai_Spawnpoint.uasset" 571
"../../../Engine/Content/EditorResources/Ai_Spawnpoint.uexp" 572
"../../../Engine/Content/EditorResources/Ai_Spawnpoint.ubulk" 573
"../../../Engine/Plugins/Marketplace/MinimapPlugin/Content/Widgets/MinimapInternal_Icon.uasset" 574
"../../../Engine/Plugins/Marketplace/MinimapPlugin/Content/Widgets/MinimapInternal_Icon.uexp" 575
"../../../Engine/Content/EngineMaterials/DefaultWhiteGrid.uasset" 576
"../../../Engine/Content/EngineMaterials/DefaultWhiteGrid.uexp" 577
"../../../Engine/Content/EngineMaterials/DefaultWhiteGrid.ubulk" 578
"../../../Engine/Plugins/Marketplace/MinimapPlugin/Content/Widgets/MinimapInternal_Fog.uasset" 579
"../../../Engine/Plugins/Marketplace/MinimapPlugin/Content/Widgets/MinimapInternal_Fog.uexp" 580
"../../../Engine/Plugins/Marketplace/MinimapPlugin/Content/Widgets/MinimapInternal_Camera.uasset" 581
"../../../Engine/Plugins/Marketplace/MinimapPlugin/Content/Widgets/MinimapInternal_Camera.uexp" 582
"../../../Engine/Plugins/Marketplace/MinimapPlugin/Content/Materials/Background/M_UMG_Background.uasset" 583
"../../../Engine/Plugins/Marketplace/MinimapPlugin/Content/Materials/Background/M_UMG_Background.uexp" 584
"../../../Engine/Plugins/Marketplace/MinimapPlugin/Content/Widgets/MinimapInternal_Background.uasset" 585
"../../../Engine/Plugins/Marketplace/MinimapPlugin/Content/Widgets/MinimapInternal_Background.uexp" 586
"../../../Engine/Plugins/Marketplace/MinimapPlugin/Content/Widgets/MinimapInternal_BackgroundMouseCapture.uasset" 587
"../../../Engine/Plugins/Marketplace/MinimapPlugin/Content/Widgets/MinimapInternal_BackgroundMouseCapture.uexp" 588
"../../../Engine/Plugins/Marketplace/MinimapPlugin/Content/Widgets/Minimap.uasset" 589
"../../../Engine/Plugins/Marketplace/MinimapPlugin/Content/Widgets/Minimap.uexp" 590
"C:/Users/danie/Documents/Unreal Projects/ElgoalTails/Content/Game/UI/HUD/Minimap_HUD.uasset" 591
"C:/Users/danie/Documents/Unreal Projects/ElgoalTails/Content/Game/UI/HUD/Minimap_HUD.uexp" 592
"C:/Users/danie/Documents/Unreal Projects/ElgoalTails/Content/Game/Textures/plywood_diff_4k.uasset" 593
"C:/Users/danie/Documents/Unreal Projects/ElgoalTails/Content/Game/Textures/plywood_diff_4k.uexp" 594
"C:/Users/danie/Documents/Unreal Projects/ElgoalTails/Content/Game/Textures/plywood_diff_4k.ubulk" 595
"C:/Users/danie/Documents/Unreal Projects/ElgoalTails/Content/Game/Materials/M_Wood.uasset" 596
"C:/Users/danie/Documents/Unreal Projects/ElgoalTails/Content/Game/Materials/M_Wood.uexp" 597
"C:/Users/danie/Documents/Unreal Projects/ElgoalTails/Content/Game/Materials/M_Metal.uasset" 598
"C:/Users/danie/Documents/Unreal Projects/ElgoalTails/Content/Game/Materials/M_Metal.uexp" 599
"C:/Users/danie/Documents/Unreal Projects/ElgoalTails/Content/Game/Meshs/chest.uasset" 600
"C:/Users/danie/Documents/Unreal Projects/ElgoalTails/Content/Game/Meshs/chest.uexp" 601
"C:/Users/danie/Documents/Unreal Projects/ElgoalTails/Content/Game/Objects/Chest/BP_chest.uasset" 602
"C:/Users/danie/Documents/Unreal Projects/ElgoalTails/Content/Game/Objects/Chest/BP_chest.uexp" 603
"C:/Users/danie/Documents/Unreal Projects/ElgoalTails/Content/Game/UI/HUD/Enemy_HUD.uasset" 604
"C:/Users/danie/Documents/Unreal Projects/ElgoalTails/Content/Game/UI/HUD/Enemy_HUD.uexp" 605
"C:/Users/danie/Documents/Unreal Projects/ElgoalTails/Content/Game/Characters/Orcs/Maw/maw_PhysicsAsset.uasset" 606
"C:/Users/danie/Documents/Unreal Projects/ElgoalTails/Content/Game/Characters/Orcs/Maw/maw_PhysicsAsset.uexp" 607
"C:/Users/danie/Documents/Unreal Projects/ElgoalTails/Content/Game/Characters/Orcs/Maw/MAW_normal.uasset" 608
"C:/Users/danie/Documents/Unreal Projects/ElgoalTails/Content/Game/Characters/Orcs/Maw/MAW_normal.uexp" 609
"C:/Users/danie/Documents/Unreal Projects/ElgoalTails/Content/Game/Characters/Orcs/Maw/MAW_normal.ubulk" 610
"C:/Users/danie/Documents/Unreal Projects/ElgoalTails/Content/Game/Characters/Orcs/Maw/MAW_glow.uasset" 611
"C:/Users/danie/Documents/Unreal Projects/ElgoalTails/Content/Game/Characters/Orcs/Maw/MAW_glow.uexp" 612
"C:/Users/danie/Documents/Unreal Projects/ElgoalTails/Content/Game/Characters/Orcs/Maw/MAW_glow.ubulk" 613
"C:/Users/danie/Documents/Unreal Projects/ElgoalTails/Content/Game/Characters/Orcs/Maw/MAW_diffuse.uasset" 614
"C:/Users/danie/Documents/Unreal Projects/ElgoalTails/Content/Game/Characters/Orcs/Maw/MAW_diffuse.uexp" 615
"C:/Users/danie/Documents/Unreal Projects/ElgoalTails/Content/Game/Characters/Orcs/Maw/MAW_diffuse.ubulk" 616
"C:/Users/danie/Documents/Unreal Projects/ElgoalTails/Content/Game/Characters/Orcs/Maw/maria_specular.uasset" 617
"C:/Users/danie/Documents/Unreal Projects/ElgoalTails/Content/Game/Characters/Orcs/Maw/maria_specular.uexp" 618
"C:/Users/danie/Documents/Unreal Projects/ElgoalTails/Content/Game/Characters/Orcs/Maw/maria_specular.ubulk" 619
"C:/Users/danie/Documents/Unreal Projects/ElgoalTails/Content/Game/Characters/Orcs/Maw/MAW_MAT.uasset" 620
"C:/Users/danie/Documents/Unreal Projects/ElgoalTails/Content/Game/Characters/Orcs/Maw/MAW_MAT.uexp" 621
"C:/Users/danie/Documents/Unreal Projects/ElgoalTails/Content/Game/Characters/Orcs/Maw/maw_Skeleton.uasset" 622
"C:/Users/danie/Documents/Unreal Projects/ElgoalTails/Content/Game/Characters/Orcs/Maw/maw_Skeleton.uexp" 623
"C:/Users/danie/Documents/Unreal Projects/ElgoalTails/Content/Game/Characters/Orcs/Maw/maw.uasset" 624
"C:/Users/danie/Documents/Unreal Projects/ElgoalTails/Content/Game/Characters/Orcs/Maw/maw.uexp" 625
"../../../Engine/Content/Animation/DefaultAnimCurveCompressionSettings.uasset" 626
"../../../Engine/Content/Animation/DefaultAnimCurveCompressionSettings.uexp" 627
"../../../Engine/Content/Animation/DefaultAnimBoneCompressionSettings.uasset" 628
"../../../Engine/Content/Animation/DefaultAnimBoneCompressionSettings.uexp" 629
"C:/Users/danie/Documents/Unreal Projects/ElgoalTails/Content/Game/Animations/Orcs/Maw/Dying.uasset" 630
"C:/Users/danie/Documents/Unreal Projects/ElgoalTails/Content/Game/Animations/Orcs/Maw/Dying.uexp" 631
"C:/Users/danie/Documents/Unreal Projects/ElgoalTails/Content/Game/Weapons/Maw/Dual_Blade_Axe17/SK_Dual_Blade_Axe17_Skeleton.uasset" 632
"C:/Users/danie/Documents/Unreal Projects/ElgoalTails/Content/Game/Weapons/Maw/Dual_Blade_Axe17/SK_Dual_Blade_Axe17_Skeleton.uexp" 633
"C:/Users/danie/Documents/Unreal Projects/ElgoalTails/Content/Game/Weapons/Maw/Dual_Blade_Axe17/T_Dual_Blade_Axe172_N.uasset" 634
"C:/Users/danie/Documents/Unreal Projects/ElgoalTails/Content/Game/Weapons/Maw/Dual_Blade_Axe17/T_Dual_Blade_Axe172_N.uexp" 635
"C:/Users/danie/Documents/Unreal Projects/ElgoalTails/Content/Game/Weapons/Maw/Dual_Blade_Axe17/T_Dual_Blade_Axe172_M.uasset" 636
"C:/Users/danie/Documents/Unreal Projects/ElgoalTails/Content/Game/Weapons/Maw/Dual_Blade_Axe17/T_Dual_Blade_Axe172_M.uexp" 637
"C:/Users/danie/Documents/Unreal Projects/ElgoalTails/Content/Game/Weapons/Maw/Dual_Blade_Axe17/T_Dual_Blade_Axe172_M.ubulk" 638
"C:/Users/danie/Documents/Unreal Projects/ElgoalTails/Content/Game/Weapons/Maw/Dual_Blade_Axe17/T_Dual_Blade_Axe172_D.uasset" 639
"C:/Users/danie/Documents/Unreal Projects/ElgoalTails/Content/Game/Weapons/Maw/Dual_Blade_Axe17/T_Dual_Blade_Axe172_D.uexp" 640
"C:/Users/danie/Documents/Unreal Projects/ElgoalTails/Content/Game/Weapons/Maw/Dual_Blade_Axe17/T_Dual_Blade_Axe171_N.uasset" 641
"C:/Users/danie/Documents/Unreal Projects/ElgoalTails/Content/Game/Weapons/Maw/Dual_Blade_Axe17/T_Dual_Blade_Axe171_N.uexp" 642
"C:/Users/danie/Documents/Unreal Projects/ElgoalTails/Content/Game/Weapons/Maw/Dual_Blade_Axe17/T_Dual_Blade_Axe171_M.uasset" 643
"C:/Users/danie/Documents/Unreal Projects/ElgoalTails/Content/Game/Weapons/Maw/Dual_Blade_Axe17/T_Dual_Blade_Axe171_M.uexp" 644
"C:/Users/danie/Documents/Unreal Projects/ElgoalTails/Content/Game/Weapons/Maw/Dual_Blade_Axe17/T_Dual_Blade_Axe171_M.ubulk" 645
"C:/Users/danie/Documents/Unreal Projects/ElgoalTails/Content/Game/Weapons/Maw/Dual_Blade_Axe17/T_Dual_Blade_Axe171_D.uasset" 646
"C:/Users/danie/Documents/Unreal Projects/ElgoalTails/Content/Game/Weapons/Maw/Dual_Blade_Axe17/T_Dual_Blade_Axe171_D.uexp" 647
"C:/Users/danie/Documents/Unreal Projects/ElgoalTails/Content/Game/Weapons/Maw/Dual_Blade_Axe17/M_Dual_Blade_Axe17.uasset" 648
"C:/Users/danie/Documents/Unreal Projects/ElgoalTails/Content/Game/Weapons/Maw/Dual_Blade_Axe17/M_Dual_Blade_Axe17.uexp" 649
"C:/Users/danie/Documents/Unreal Projects/ElgoalTails/Content/Game/Weapons/Maw/Dual_Blade_Axe17/SK_Dual_Blade_Axe17.uasset" 650
"C:/Users/danie/Documents/Unreal Projects/ElgoalTails/Content/Game/Weapons/Maw/Dual_Blade_Axe17/SK_Dual_Blade_Axe17.uexp" 651
"C:/Users/danie/Documents/Unreal Projects/ElgoalTails/Content/Game/BP/Bp_Object.uasset" 652
"C:/Users/danie/Documents/Unreal Projects/ElgoalTails/Content/Game/BP/Bp_Object.uexp" 653
"C:/Users/danie/Documents/Unreal Projects/ElgoalTails/Content/Game/Weapons/Maw/Axe_17.uasset" 654
"C:/Users/danie/Documents/Unreal Projects/ElgoalTails/Content/Game/Weapons/Maw/Axe_17.uexp" 655
"../../../Engine/Content/BasicShapes/Cube.uasset" 656
"../../../Engine/Content/BasicShapes/Cube.uexp" 657
"C:/Users/danie/Documents/Unreal Projects/ElgoalTails/Content/InfinityBladeEffects/Effects/FX_Textures/Damage/T_cracksFirey_01.uasset" 658
"C:/Users/danie/Documents/Unreal Projects/ElgoalTails/Content/InfinityBladeEffects/Effects/FX_Textures/Damage/T_cracksFirey_01.uexp" 659
"C:/Users/danie/Documents/Unreal Projects/ElgoalTails/Content/InfinityBladeEffects/Effects/FX_Textures/Damage/T_cracksFirey_01.ubulk" 660
"C:/Users/danie/Documents/Unreal Projects/ElgoalTails/Content/InfinityBladeEffects/Effects/FX_Textures/Damage/T_cracks_01_N.uasset" 661
"C:/Users/danie/Documents/Unreal Projects/ElgoalTails/Content/InfinityBladeEffects/Effects/FX_Textures/Damage/T_cracks_01_N.uexp" 662
"C:/Users/danie/Documents/Unreal Projects/ElgoalTails/Content/InfinityBladeEffects/Effects/FX_Textures/Damage/T_cracks_01_N.ubulk" 663
"../../../Engine/Content/EngineMaterials/FlatNormal.uasset" 664
"../../../Engine/Content/EngineMaterials/FlatNormal.uexp" 665
"C:/Users/danie/Documents/Unreal Projects/ElgoalTails/Content/InfinityBladeEffects/Effects/FX_Textures/Tile/T_Black_32.uasset" 666
"C:/Users/danie/Documents/Unreal Projects/ElgoalTails/Content/InfinityBladeEffects/Effects/FX_Textures/Tile/T_Black_32.uexp" 667
"C:/Users/danie/Documents/Unreal Projects/ElgoalTails/Content/InfinityBladeEffects/Effects/Masters/M_Trans_Sprite_Master_Surface.uasset" 668
"C:/Users/danie/Documents/Unreal Projects/ElgoalTails/Content/InfinityBladeEffects/Effects/Masters/M_Trans_Sprite_Master_Surface.uexp" 669
"C:/Users/danie/Documents/Unreal Projects/ElgoalTails/Content/InfinityBladeEffects/Effects/FX_Materials/Damage/M_CrackedGround_Fire_01_INST.uasset" 670
"C:/Users/danie/Documents/Unreal Projects/ElgoalTails/Content/InfinityBladeEffects/Effects/FX_Materials/Damage/M_CrackedGround_Fire_01_INST.uexp" 671
"C:/Users/danie/Documents/Unreal Projects/ElgoalTails/Content/Game/Objects/Maw_secondary_attack.uasset" 672
"C:/Users/danie/Documents/Unreal Projects/ElgoalTails/Content/Game/Objects/Maw_secondary_attack.uexp" 673
"../../../Engine/Plugins/Marketplace/MinimapPlugin/Content/Textures/Icons/T_Icon_NPC_Colorable.uasset" 674
"../../../Engine/Plugins/Marketplace/MinimapPlugin/Content/Textures/Icons/T_Icon_NPC_Colorable.uexp" 675
"C:/Users/danie/Documents/Unreal Projects/ElgoalTails/Content/Game/UI/Menus/BP_SaveParams.uasset" 676
"C:/Users/danie/Documents/Unreal Projects/ElgoalTails/Content/Game/UI/Menus/BP_SaveParams.uexp" 677
"C:/Users/danie/Documents/Unreal Projects/ElgoalTails/Content/Game/UI/Menus/UI_settings_menu.uasset" 678
"C:/Users/danie/Documents/Unreal Projects/ElgoalTails/Content/Game/UI/Menus/UI_settings_menu.uexp" 679
"C:/Users/danie/Documents/Unreal Projects/ElgoalTails/Content/Game/UI/Menus/BP_SaveGame.uasset" 680
"C:/Users/danie/Documents/Unreal Projects/ElgoalTails/Content/Game/UI/Menus/BP_SaveGame.uexp" 681
"C:/Users/danie/Documents/Unreal Projects/ElgoalTails/Content/Game/Characters/BP_player.uasset" 682
"C:/Users/danie/Documents/Unreal Projects/ElgoalTails/Content/Game/Characters/BP_player.uexp" 683
"C:/Users/danie/Documents/Unreal Projects/ElgoalTails/Content/Game/Textures/lightning-strike.uasset" 684
"C:/Users/danie/Documents/Unreal Projects/ElgoalTails/Content/Game/Textures/lightning-strike.uexp" 685
"C:/Users/danie/Documents/Unreal Projects/ElgoalTails/Content/Game/Textures/fireball.uasset" 686
"C:/Users/danie/Documents/Unreal Projects/ElgoalTails/Content/Game/Textures/fireball.uexp" 687
"C:/Users/danie/Documents/Unreal Projects/ElgoalTails/Content/Game/UI/HUD/Spell_HUD.uasset" 688
"C:/Users/danie/Documents/Unreal Projects/ElgoalTails/Content/Game/UI/HUD/Spell_HUD.uexp" 689
"C:/Users/danie/Documents/Unreal Projects/ElgoalTails/Content/Game/Characters/Mage/Wiezzorek/demon_t_wiezzorek_PhysicsAsset.uasset" 690
"C:/Users/danie/Documents/Unreal Projects/ElgoalTails/Content/Game/Characters/Mage/Wiezzorek/demon_t_wiezzorek_PhysicsAsset.uexp" 691
"C:/Users/danie/Documents/Unreal Projects/ElgoalTails/Content/Game/Characters/Mage/Wiezzorek/Demon__specular.uasset" 692
"C:/Users/danie/Documents/Unreal Projects/ElgoalTails/Content/Game/Characters/Mage/Wiezzorek/Demon__specular.uexp" 693
"C:/Users/danie/Documents/Unreal Projects/ElgoalTails/Content/Game/Characters/Mage/Wiezzorek/Demon__specular.ubulk" 694
"C:/Users/danie/Documents/Unreal Projects/ElgoalTails/Content/Game/Characters/Mage/Wiezzorek/Demon__normal.uasset" 695
"C:/Users/danie/Documents/Unreal Projects/ElgoalTails/Content/Game/Characters/Mage/Wiezzorek/Demon__normal.uexp" 696
"C:/Users/danie/Documents/Unreal Projects/ElgoalTails/Content/Game/Characters/Mage/Wiezzorek/Demon__normal.ubulk" 697
"C:/Users/danie/Documents/Unreal Projects/ElgoalTails/Content/Game/Characters/Mage/Wiezzorek/Demon__diffuse.uasset" 698
"C:/Users/danie/Documents/Unreal Projects/ElgoalTails/Content/Game/Characters/Mage/Wiezzorek/Demon__diffuse.uexp" 699
"C:/Users/danie/Documents/Unreal Projects/ElgoalTails/Content/Game/Characters/Mage/Wiezzorek/Demon__diffuse.ubulk" 700
"C:/Users/danie/Documents/Unreal Projects/ElgoalTails/Content/Game/Characters/Mage/Wiezzorek/Demon_MAT.uasset" 701
"C:/Users/danie/Documents/Unreal Projects/ElgoalTails/Content/Game/Characters/Mage/Wiezzorek/Demon_MAT.uexp" 702
"C:/Users/danie/Documents/Unreal Projects/ElgoalTails/Content/Game/Characters/Mage/Wiezzorek/demon_t_wiezzorek_Skeleton.uasset" 703
"C:/Users/danie/Documents/Unreal Projects/ElgoalTails/Content/Game/Characters/Mage/Wiezzorek/demon_t_wiezzorek_Skeleton.uexp" 704
"C:/Users/danie/Documents/Unreal Projects/ElgoalTails/Content/Game/Characters/Mage/Wiezzorek/demon_t_wiezzorek.uasset" 705
"C:/Users/danie/Documents/Unreal Projects/ElgoalTails/Content/Game/Characters/Mage/Wiezzorek/demon_t_wiezzorek.uexp" 706
"../../../Engine/Content/BasicShapes/Sphere.uasset" 707
"../../../Engine/Content/BasicShapes/Sphere.uexp" 708
"C:/Users/danie/Documents/Unreal Projects/ElgoalTails/Content/Game/Textures/T_Tech_Hex_Tile_M.uasset" 709
"C:/Users/danie/Documents/Unreal Projects/ElgoalTails/Content/Game/Textures/T_Tech_Hex_Tile_M.uexp" 710
"C:/Users/danie/Documents/Unreal Projects/ElgoalTails/Content/Game/Textures/T_Tech_Hex_Tile_M.ubulk" 711
"../../../Engine/Content/Functions/Engine_MaterialFunctions03/Procedurals/GeneratedBand.uasset" 712
"../../../Engine/Content/Functions/Engine_MaterialFunctions03/Procedurals/GeneratedBand.uexp" 713
"C:/Users/danie/Documents/Unreal Projects/ElgoalTails/Content/Game/Materials/M_Shield.uasset" 714
"C:/Users/danie/Documents/Unreal Projects/ElgoalTails/Content/Game/Materials/M_Shield.uexp" 715
"C:/Users/danie/Documents/Unreal Projects/ElgoalTails/Content/Game/Objects/Shield.uasset" 716
"C:/Users/danie/Documents/Unreal Projects/ElgoalTails/Content/Game/Objects/Shield.uexp" 717
"C:/Users/danie/Documents/Unreal Projects/ElgoalTails/Content/InfinityBladeEffects/Effects/FX_Textures/Env/T_CrackedGround_E.uasset" 718
"C:/Users/danie/Documents/Unreal Projects/ElgoalTails/Content/InfinityBladeEffects/Effects/FX_Textures/Env/T_CrackedGround_E.uexp" 719
"C:/Users/danie/Documents/Unreal Projects/ElgoalTails/Content/InfinityBladeEffects/Effects/FX_Textures/Env/T_CrackedGround_E.ubulk" 720
"C:/Users/danie/Documents/Unreal Projects/ElgoalTails/Content/InfinityBladeEffects/Effects/FX_Textures/Env/T_CrackedGround_D.uasset" 721
"C:/Users/danie/Documents/Unreal Projects/ElgoalTails/Content/InfinityBladeEffects/Effects/FX_Textures/Env/T_CrackedGround_D.uexp" 722
"C:/Users/danie/Documents/Unreal Projects/ElgoalTails/Content/InfinityBladeEffects/Effects/FX_Textures/Env/T_CrackedGround_D.ubulk" 723
"C:/Users/danie/Documents/Unreal Projects/ElgoalTails/Content/InfinityBladeEffects/Effects/Masters/M_Opaque_MeshEmit_Lit_Emis_Master.uasset" 724
"C:/Users/danie/Documents/Unreal Projects/ElgoalTails/Content/InfinityBladeEffects/Effects/Masters/M_Opaque_MeshEmit_Lit_Emis_Master.uexp" 725
"C:/Users/danie/Documents/Unreal Projects/ElgoalTails/Content/InfinityBladeEffects/Effects/FX_Mobile/Fire/M_CrackedGround_Fire_01_INST.uasset" 726
"C:/Users/danie/Documents/Unreal Projects/ElgoalTails/Content/InfinityBladeEffects/Effects/FX_Mobile/Fire/M_CrackedGround_Fire_01_INST.uexp" 727
"C:/Users/danie/Documents/Unreal Projects/ElgoalTails/Content/Game/Objects/LightningStrike.uasset" 728
"C:/Users/danie/Documents/Unreal Projects/ElgoalTails/Content/Game/Objects/LightningStrike.uexp" 729
"C:/Users/danie/Documents/Unreal Projects/ElgoalTails/Content/InfinityBladeEffects/Effects/FX_Meshes/Fire/SM_FireBall.uasset" 730
"C:/Users/danie/Documents/Unreal Projects/ElgoalTails/Content/InfinityBladeEffects/Effects/FX_Meshes/Fire/SM_FireBall.uexp" 731
"C:/Users/danie/Documents/Unreal Projects/ElgoalTails/Content/InfinityBladeEffects/Effects/FX_Textures/Fire/T_FireBlastTile.uasset" 732
"C:/Users/danie/Documents/Unreal Projects/ElgoalTails/Content/InfinityBladeEffects/Effects/FX_Textures/Fire/T_FireBlastTile.uexp" 733
"C:/Users/danie/Documents/Unreal Projects/ElgoalTails/Content/InfinityBladeEffects/Effects/FX_Textures/Fire/T_FireBlastTile.ubulk" 734
"C:/Users/danie/Documents/Unreal Projects/ElgoalTails/Content/InfinityBladeEffects/Effects/Masters/M_Add_Trail_2Sided_Pan_Master.uasset" 735
"C:/Users/danie/Documents/Unreal Projects/ElgoalTails/Content/InfinityBladeEffects/Effects/Masters/M_Add_Trail_2Sided_Pan_Master.uexp" 736
"C:/Users/danie/Documents/Unreal Projects/ElgoalTails/Content/InfinityBladeEffects/Effects/FX_Materials/Fire/M_Fire_Sheet_01_INST.uasset" 737
"C:/Users/danie/Documents/Unreal Projects/ElgoalTails/Content/InfinityBladeEffects/Effects/FX_Materials/Fire/M_Fire_Sheet_01_INST.uexp" 738
"C:/Users/danie/Documents/Unreal Projects/ElgoalTails/Content/InfinityBladeEffects/Effects/FX_Textures/Fire/T_FireTrail.uasset" 739
"C:/Users/danie/Documents/Unreal Projects/ElgoalTails/Content/InfinityBladeEffects/Effects/FX_Textures/Fire/T_FireTrail.uexp" 740
"C:/Users/danie/Documents/Unreal Projects/ElgoalTails/Content/InfinityBladeEffects/Effects/FX_Textures/Fire/T_FireTrail.ubulk" 741
"C:/Users/danie/Documents/Unreal Projects/ElgoalTails/Content/InfinityBladeEffects/Effects/FX_Materials/Mobile/M_Fire_Add_DetailMask_meshEmit.uasset" 742
"C:/Users/danie/Documents/Unreal Projects/ElgoalTails/Content/InfinityBladeEffects/Effects/FX_Materials/Mobile/M_Fire_Add_DetailMask_meshEmit.uexp" 743
"C:/Users/danie/Documents/Unreal Projects/ElgoalTails/Content/Game/Objects/fireball.uasset" 744
"C:/Users/danie/Documents/Unreal Projects/ElgoalTails/Content/Game/Objects/fireball.uexp" 745
"C:/Users/danie/Documents/Unreal Projects/ElgoalTails/Content/Game/UI/HUD/Gameover_HUD.uasset" 746
"C:/Users/danie/Documents/Unreal Projects/ElgoalTails/Content/Game/UI/HUD/Gameover_HUD.uexp" 747
"C:/Users/danie/Documents/Unreal Projects/ElgoalTails/Content/Game/Animations/Mage/Wiezzorek/Dying.uasset" 748
"C:/Users/danie/Documents/Unreal Projects/ElgoalTails/Content/Game/Animations/Mage/Wiezzorek/Dying.uexp" 749
"C:/Users/danie/Documents/Unreal Projects/ElgoalTails/Content/Game/Animations/Mage/Wiezzorek/Jumping_Up.uasset" 750
"C:/Users/danie/Documents/Unreal Projects/ElgoalTails/Content/Game/Animations/Mage/Wiezzorek/Jumping_Up.uexp" 751
"C:/Users/danie/Documents/Unreal Projects/ElgoalTails/Content/Game/Animations/Mage/Wiezzorek/Jumping_Down.uasset" 752
"C:/Users/danie/Documents/Unreal Projects/ElgoalTails/Content/Game/Animations/Mage/Wiezzorek/Jumping_Down.uexp" 753
"C:/Users/danie/Documents/Unreal Projects/ElgoalTails/Content/Game/Animations/Mage/Wiezzorek/Falling_Idle.uasset" 754
"C:/Users/danie/Documents/Unreal Projects/ElgoalTails/Content/Game/Animations/Mage/Wiezzorek/Falling_Idle.uexp" 755
"C:/Users/danie/Documents/Unreal Projects/ElgoalTails/Content/Game/Animations/Mage/Wiezzorek/Walking.uasset" 756
"C:/Users/danie/Documents/Unreal Projects/ElgoalTails/Content/Game/Animations/Mage/Wiezzorek/Walking.uexp" 757
"C:/Users/danie/Documents/Unreal Projects/ElgoalTails/Content/Game/Animations/Mage/Wiezzorek/Standing_Idle.uasset" 758
"C:/Users/danie/Documents/Unreal Projects/ElgoalTails/Content/Game/Animations/Mage/Wiezzorek/Standing_Idle.uexp" 759
"C:/Users/danie/Documents/Unreal Projects/ElgoalTails/Content/Game/Animations/Mage/Wiezzorek/Slow_Run.uasset" 760
"C:/Users/danie/Documents/Unreal Projects/ElgoalTails/Content/Game/Animations/Mage/Wiezzorek/Slow_Run.uexp" 761
"C:/Users/danie/Documents/Unreal Projects/ElgoalTails/Content/Game/Animations/Mage/Wiezzorek/Anime_BS_1D_Wiezzorek.uasset" 762
"C:/Users/danie/Documents/Unreal Projects/ElgoalTails/Content/Game/Animations/Mage/Wiezzorek/Anime_BS_1D_Wiezzorek.uexp" 763
"C:/Users/danie/Documents/Unreal Projects/ElgoalTails/Content/Game/Animations/Attacks/Mage/Wiezzorek/Magic_Heal.uasset" 764
"C:/Users/danie/Documents/Unreal Projects/ElgoalTails/Content/Game/Animations/Attacks/Mage/Wiezzorek/Magic_Heal.uexp" 765
"C:/Users/danie/Documents/Unreal Projects/ElgoalTails/Content/Game/Animations/Attacks/Mage/Wiezzorek/Magic_Attack.uasset" 766
"C:/Users/danie/Documents/Unreal Projects/ElgoalTails/Content/Game/Animations/Attacks/Mage/Wiezzorek/Magic_Attack.uexp" 767
"C:/Users/danie/Documents/Unreal Projects/ElgoalTails/Content/Game/Animations/Mage/Wiezzorek/Anim_Wiezzorek.uasset" 768
"C:/Users/danie/Documents/Unreal Projects/ElgoalTails/Content/Game/Animations/Mage/Wiezzorek/Anim_Wiezzorek.uexp" 769
"C:/Users/danie/Documents/Unreal Projects/ElgoalTails/Content/Game/Characters/Humans/Erika/erika_archer_PhysicsAsset.uasset" 770
"C:/Users/danie/Documents/Unreal Projects/ElgoalTails/Content/Game/Characters/Humans/Erika/erika_archer_PhysicsAsset.uexp" 771
"C:/Users/danie/Documents/Unreal Projects/ElgoalTails/Content/Game/Characters/Humans/Erika/FemaleFitA_Body_diffuse_ncl1_1.uasset" 772
"C:/Users/danie/Documents/Unreal Projects/ElgoalTails/Content/Game/Characters/Humans/Erika/FemaleFitA_Body_diffuse_ncl1_1.uexp" 773
"C:/Users/danie/Documents/Unreal Projects/ElgoalTails/Content/Game/Characters/Humans/Erika/FemaleFitA_Body_diffuse_ncl1_1.ubulk" 774
"C:/Users/danie/Documents/Unreal Projects/ElgoalTails/Content/Game/Characters/Humans/Erika/Lashes_MAT.uasset" 775
"C:/Users/danie/Documents/Unreal Projects/ElgoalTails/Content/Game/Characters/Humans/Erika/Lashes_MAT.uexp" 776
"C:/Users/danie/Documents/Unreal Projects/ElgoalTails/Content/Game/Characters/Humans/Erika/FemaleFitA_Body_diffuse.uasset" 777
"C:/Users/danie/Documents/Unreal Projects/ElgoalTails/Content/Game/Characters/Humans/Erika/FemaleFitA_Body_diffuse.uexp" 778
"C:/Users/danie/Documents/Unreal Projects/ElgoalTails/Content/Game/Characters/Humans/Erika/FemaleFitA_Body_diffuse.ubulk" 779
"C:/Users/danie/Documents/Unreal Projects/ElgoalTails/Content/Game/Characters/Humans/Erika/FemaleFitA_StdNM.uasset" 780
"C:/Users/danie/Documents/Unreal Projects/ElgoalTails/Content/Game/Characters/Humans/Erika/FemaleFitA_StdNM.uexp" 781
"C:/Users/danie/Documents/Unreal Projects/ElgoalTails/Content/Game/Characters/Humans/Erika/FemaleFitA_StdNM.ubulk" 782
"C:/Users/danie/Documents/Unreal Projects/ElgoalTails/Content/Game/Characters/Humans/Erika/EyeSpec_MAT.uasset" 783
"C:/Users/danie/Documents/Unreal Projects/ElgoalTails/Content/Game/Characters/Humans/Erika/EyeSpec_MAT.uexp" 784
"C:/Users/danie/Documents/Unreal Projects/ElgoalTails/Content/Game/Characters/Humans/Erika/Body_MAT.uasset" 785
"C:/Users/danie/Documents/Unreal Projects/ElgoalTails/Content/Game/Characters/Humans/Erika/Body_MAT.uexp" 786
"C:/Users/danie/Documents/Unreal Projects/ElgoalTails/Content/Game/Characters/Humans/Erika/Erika_Archer_Clothes_normal.uasset" 787
"C:/Users/danie/Documents/Unreal Projects/ElgoalTails/Content/Game/Characters/Humans/Erika/Erika_Archer_Clothes_normal.uexp" 788
"C:/Users/danie/Documents/Unreal Projects/ElgoalTails/Content/Game/Characters/Humans/Erika/Erika_Archer_Clothes_normal.ubulk" 789
"C:/Users/danie/Documents/Unreal Projects/ElgoalTails/Content/Game/Characters/Humans/Erika/Erika_Archer_Clothes_diffuse.uasset" 790
"C:/Users/danie/Documents/Unreal Projects/ElgoalTails/Content/Game/Characters/Humans/Erika/Erika_Archer_Clothes_diffuse.uexp" 791
"C:/Users/danie/Documents/Unreal Projects/ElgoalTails/Content/Game/Characters/Humans/Erika/Erika_Archer_Clothes_diffuse.ubulk" 792
"C:/Users/danie/Documents/Unreal Projects/ElgoalTails/Content/Game/Characters/Humans/Erika/Akai_MAT.uasset" 793
"C:/Users/danie/Documents/Unreal Projects/ElgoalTails/Content/Game/Characters/Humans/Erika/Akai_MAT.uexp" 794
"C:/Users/danie/Documents/Unreal Projects/ElgoalTails/Content/Game/Characters/Humans/Erika/erika_archer_Skeleton.uasset" 795
"C:/Users/danie/Documents/Unreal Projects/ElgoalTails/Content/Game/Characters/Humans/Erika/erika_archer_Skeleton.uexp" 796
"C:/Users/danie/Documents/Unreal Projects/ElgoalTails/Content/Game/Characters/Humans/Erika/erika_archer.uasset" 797
"C:/Users/danie/Documents/Unreal Projects/ElgoalTails/Content/Game/Characters/Humans/Erika/erika_archer.uexp" 798
"C:/Users/danie/Documents/Unreal Projects/ElgoalTails/Content/Game/Characters/Humans/Erika/BPI_PlayerMove.uasset" 799
"C:/Users/danie/Documents/Unreal Projects/ElgoalTails/Content/Game/Characters/Humans/Erika/BPI_PlayerMove.uexp" 800
"C:/Users/danie/Documents/Unreal Projects/ElgoalTails/Content/Game/Animations/Humans/Erika/Dying.uasset" 801
"C:/Users/danie/Documents/Unreal Projects/ElgoalTails/Content/Game/Animations/Humans/Erika/Dying.uexp" 802
"C:/Users/danie/Documents/Unreal Projects/ElgoalTails/Content/Game/Materials/M_Gold.uasset" 803
"C:/Users/danie/Documents/Unreal Projects/ElgoalTails/Content/Game/Materials/M_Gold.uexp" 804
"C:/Users/danie/Documents/Unreal Projects/ElgoalTails/Content/Game/Meshs/shield_2_.uasset" 805
"C:/Users/danie/Documents/Unreal Projects/ElgoalTails/Content/Game/Meshs/shield_2_.uexp" 806
"C:/Users/danie/Documents/Unreal Projects/ElgoalTails/Content/Game/Weapons/Erika/Shield.uasset" 807
"C:/Users/danie/Documents/Unreal Projects/ElgoalTails/Content/Game/Weapons/Erika/Shield.uexp" 808
"C:/Users/danie/Documents/Unreal Projects/ElgoalTails/Content/Game/Weapons/Erika/Blade_DragonSword/SK_Blade_DragonSword_Skeleton.uasset" 809
"C:/Users/danie/Documents/Unreal Projects/ElgoalTails/Content/Game/Weapons/Erika/Blade_DragonSword/SK_Blade_DragonSword_Skeleton.uexp" 810
"C:/Users/danie/Documents/Unreal Projects/ElgoalTails/Content/Game/Weapons/Erika/Blade_DragonSword/T_Blade_DragonSword2_N.uasset" 811
"C:/Users/danie/Documents/Unreal Projects/ElgoalTails/Content/Game/Weapons/Erika/Blade_DragonSword/T_Blade_DragonSword2_N.uexp" 812
"C:/Users/danie/Documents/Unreal Projects/ElgoalTails/Content/Game/Weapons/Erika/Blade_DragonSword/T_Blade_DragonSword2_M.uasset" 813
"C:/Users/danie/Documents/Unreal Projects/ElgoalTails/Content/Game/Weapons/Erika/Blade_DragonSword/T_Blade_DragonSword2_M.uexp" 814
"C:/Users/danie/Documents/Unreal Projects/ElgoalTails/Content/Game/Weapons/Erika/Blade_DragonSword/T_Blade_DragonSword2_M.ubulk" 815
"C:/Users/danie/Documents/Unreal Projects/ElgoalTails/Content/Game/Weapons/Erika/Blade_DragonSword/T_Blade_DragonSword2_D.uasset" 816
"C:/Users/danie/Documents/Unreal Projects/ElgoalTails/Content/Game/Weapons/Erika/Blade_DragonSword/T_Blade_DragonSword2_D.uexp" 817
"C:/Users/danie/Documents/Unreal Projects/ElgoalTails/Content/Game/Weapons/Erika/Blade_DragonSword/T_Blade_DragonSword1_N.uasset" 818
"C:/Users/danie/Documents/Unreal Projects/ElgoalTails/Content/Game/Weapons/Erika/Blade_DragonSword/T_Blade_DragonSword1_N.uexp" 819
"C:/Users/danie/Documents/Unreal Projects/ElgoalTails/Content/Game/Weapons/Erika/Blade_DragonSword/T_Blade_DragonSword1_M.uasset" 820
"C:/Users/danie/Documents/Unreal Projects/ElgoalTails/Content/Game/Weapons/Erika/Blade_DragonSword/T_Blade_DragonSword1_M.uexp" 821
"C:/Users/danie/Documents/Unreal Projects/ElgoalTails/Content/Game/Weapons/Erika/Blade_DragonSword/T_Blade_DragonSword1_M.ubulk" 822
"C:/Users/danie/Documents/Unreal Projects/ElgoalTails/Content/Game/Weapons/Erika/Blade_DragonSword/T_Blade_DragonSword1_D.uasset" 823
"C:/Users/danie/Documents/Unreal Projects/ElgoalTails/Content/Game/Weapons/Erika/Blade_DragonSword/T_Blade_DragonSword1_D.uexp" 824
"C:/Users/danie/Documents/Unreal Projects/ElgoalTails/Content/Game/Weapons/Erika/Blade_DragonSword/M_Blade_DragonSword.uasset" 825
"C:/Users/danie/Documents/Unreal Projects/ElgoalTails/Content/Game/Weapons/Erika/Blade_DragonSword/M_Blade_DragonSword.uexp" 826
"C:/Users/danie/Documents/Unreal Projects/ElgoalTails/Content/Game/Weapons/Erika/Blade_DragonSword/SK_Blade_DragonSword.uasset" 827
"C:/Users/danie/Documents/Unreal Projects/ElgoalTails/Content/Game/Weapons/Erika/Blade_DragonSword/SK_Blade_DragonSword.uexp" 828
"C:/Users/danie/Documents/Unreal Projects/ElgoalTails/Content/Game/Weapons/Erika/Dragon_Blade.uasset" 829
"C:/Users/danie/Documents/Unreal Projects/ElgoalTails/Content/Game/Weapons/Erika/Dragon_Blade.uexp" 830
"C:/Users/danie/Documents/Unreal Projects/ElgoalTails/Content/Game/Animations/Humans/Erika/Jumping_Up.uasset" 831
"C:/Users/danie/Documents/Unreal Projects/ElgoalTails/Content/Game/Animations/Humans/Erika/Jumping_Up.uexp" 832
"C:/Users/danie/Documents/Unreal Projects/ElgoalTails/Content/Game/Animations/Humans/Erika/Jumping_Down.uasset" 833
"C:/Users/danie/Documents/Unreal Projects/ElgoalTails/Content/Game/Animations/Humans/Erika/Jumping_Down.uexp" 834
"C:/Users/danie/Documents/Unreal Projects/ElgoalTails/Content/Game/Animations/Humans/Erika/Falling_Idle.uasset" 835
"C:/Users/danie/Documents/Unreal Projects/ElgoalTails/Content/Game/Animations/Humans/Erika/Falling_Idle.uexp" 836
"C:/Users/danie/Documents/Unreal Projects/ElgoalTails/Content/Game/Animations/Humans/Erika/Walking.uasset" 837
"C:/Users/danie/Documents/Unreal Projects/ElgoalTails/Content/Game/Animations/Humans/Erika/Walking.uexp" 838
"C:/Users/danie/Documents/Unreal Projects/ElgoalTails/Content/Game/Animations/Humans/Erika/Standing_Idle.uasset" 839
"C:/Users/danie/Documents/Unreal Projects/ElgoalTails/Content/Game/Animations/Humans/Erika/Standing_Idle.uexp" 840
"C:/Users/danie/Documents/Unreal Projects/ElgoalTails/Content/Game/Animations/Humans/Erika/Slow_Run.uasset" 841
"C:/Users/danie/Documents/Unreal Projects/ElgoalTails/Content/Game/Animations/Humans/Erika/Slow_Run.uexp" 842
"C:/Users/danie/Documents/Unreal Projects/ElgoalTails/Content/Game/Animations/Humans/Erika/Anim_1D_Erika.uasset" 843
"C:/Users/danie/Documents/Unreal Projects/ElgoalTails/Content/Game/Animations/Humans/Erika/Anim_1D_Erika.uexp" 844
"C:/Users/danie/Documents/Unreal Projects/ElgoalTails/Content/Game/Animations/Attacks/Human/Erika/Sword_And_Shield_Slash.uasset" 845
"C:/Users/danie/Documents/Unreal Projects/ElgoalTails/Content/Game/Animations/Attacks/Human/Erika/Sword_And_Shield_Slash.uexp" 846
"C:/Users/danie/Documents/Unreal Projects/ElgoalTails/Content/Game/Animations/Attacks/Human/Erika/Sword_And_Shield_Block_Idle.uasset" 847
"C:/Users/danie/Documents/Unreal Projects/ElgoalTails/Content/Game/Animations/Attacks/Human/Erika/Sword_And_Shield_Block_Idle.uexp" 848
"C:/Users/danie/Documents/Unreal Projects/ElgoalTails/Content/Game/Animations/Humans/Erika/Anim_Erika.uasset" 849
"C:/Users/danie/Documents/Unreal Projects/ElgoalTails/Content/Game/Animations/Humans/Erika/Anim_Erika.uexp" 850
"C:/Users/danie/Documents/Unreal Projects/ElgoalTails/Content/Game/Characters/Humans/Erika/Bp_Erika.uasset" 851
"C:/Users/danie/Documents/Unreal Projects/ElgoalTails/Content/Game/Characters/Humans/Erika/Bp_Erika.uexp" 852
"C:/Users/danie/Documents/Unreal Projects/ElgoalTails/Content/Game/Characters/Mage/Wiezzorek/BP_wiezzorek.uasset" 853
"C:/Users/danie/Documents/Unreal Projects/ElgoalTails/Content/Game/Characters/Mage/Wiezzorek/BP_wiezzorek.uexp" 854
"C:/Users/danie/Documents/Unreal Projects/ElgoalTails/Content/Game/UI/HUD/Save_and_Load_HUD.uasset" 855
"C:/Users/danie/Documents/Unreal Projects/ElgoalTails/Content/Game/UI/HUD/Save_and_Load_HUD.uexp" 856
"C:/Users/danie/Documents/Unreal Projects/ElgoalTails/Content/Game/Animations/Orcs/Maw/Jumping_Up.uasset" 857
"C:/Users/danie/Documents/Unreal Projects/ElgoalTails/Content/Game/Animations/Orcs/Maw/Jumping_Up.uexp" 858
"C:/Users/danie/Documents/Unreal Projects/ElgoalTails/Content/Game/Animations/Orcs/Maw/Jumping_Down.uasset" 859
"C:/Users/danie/Documents/Unreal Projects/ElgoalTails/Content/Game/Animations/Orcs/Maw/Jumping_Down.uexp" 860
"C:/Users/danie/Documents/Unreal Projects/ElgoalTails/Content/Game/Animations/Orcs/Maw/Falling_Idle.uasset" 861
"C:/Users/danie/Documents/Unreal Projects/ElgoalTails/Content/Game/Animations/Orcs/Maw/Falling_Idle.uexp" 862
"C:/Users/danie/Documents/Unreal Projects/ElgoalTails/Content/Game/Animations/Orcs/Maw/Walking.uasset" 863
"C:/Users/danie/Documents/Unreal Projects/ElgoalTails/Content/Game/Animations/Orcs/Maw/Walking.uexp" 864
"C:/Users/danie/Documents/Unreal Projects/ElgoalTails/Content/Game/Animations/Orcs/Maw/Standing_Idle.uasset" 865
"C:/Users/danie/Documents/Unreal Projects/ElgoalTails/Content/Game/Animations/Orcs/Maw/Standing_Idle.uexp" 866
"C:/Users/danie/Documents/Unreal Projects/ElgoalTails/Content/Game/Animations/Orcs/Maw/Slow_Run.uasset" 867
"C:/Users/danie/Documents/Unreal Projects/ElgoalTails/Content/Game/Animations/Orcs/Maw/Slow_Run.uexp" 868
"C:/Users/danie/Documents/Unreal Projects/ElgoalTails/Content/Game/Animations/Orcs/Maw/Anim_1D_Maw.uasset" 869
"C:/Users/danie/Documents/Unreal Projects/ElgoalTails/Content/Game/Animations/Orcs/Maw/Anim_1D_Maw.uexp" 870
"C:/Users/danie/Documents/Unreal Projects/ElgoalTails/Content/Game/Animations/Attacks/Orcs/Maw/Great_Sword_Slash.uasset" 871
"C:/Users/danie/Documents/Unreal Projects/ElgoalTails/Content/Game/Animations/Attacks/Orcs/Maw/Great_Sword_Slash.uexp" 872
"C:/Users/danie/Documents/Unreal Projects/ElgoalTails/Content/Game/Animations/Attacks/Orcs/Maw/Heavy_Weapon_Swing.uasset" 873
"C:/Users/danie/Documents/Unreal Projects/ElgoalTails/Content/Game/Animations/Attacks/Orcs/Maw/Heavy_Weapon_Swing.uexp" 874
"C:/Users/danie/Documents/Unreal Projects/ElgoalTails/Content/Game/Animations/Orcs/Maw/Anim_Maw.uasset" 875
"C:/Users/danie/Documents/Unreal Projects/ElgoalTails/Content/Game/Animations/Orcs/Maw/Anim_Maw.uexp" 876
"C:/Users/danie/Documents/Unreal Projects/ElgoalTails/Content/Game/Characters/Orcs/Maw/BP_Maw.uasset" 877
"C:/Users/danie/Documents/Unreal Projects/ElgoalTails/Content/Game/Characters/Orcs/Maw/BP_Maw.uexp" 878
"C:/Users/danie/Documents/Unreal Projects/ElgoalTails/Content/Game/Gamemode/GM_Elgoal_Wiezzorek.uasset" 879
"C:/Users/danie/Documents/Unreal Projects/ElgoalTails/Content/Game/Gamemode/GM_Elgoal_Wiezzorek.uexp" 880
"C:/Users/danie/Documents/Unreal Projects/ElgoalTails/Content/Game/Characters/IA/AIC_maw.uasset" 881
"C:/Users/danie/Documents/Unreal Projects/ElgoalTails/Content/Game/Characters/IA/AIC_maw.uexp" 882
"C:/Users/danie/Documents/Unreal Projects/ElgoalTails/Content/Game/Characters/IA/BP_Maw_IA.uasset" 883
"C:/Users/danie/Documents/Unreal Projects/ElgoalTails/Content/Game/Characters/IA/BP_Maw_IA.uexp" 884
"C:/Users/danie/Documents/Unreal Projects/ElgoalTails/Content/Game/BP/IA_Maw_Spawner_BP.uasset" 885
"C:/Users/danie/Documents/Unreal Projects/ElgoalTails/Content/Game/BP/IA_Maw_Spawner_BP.uexp" 886
"C:/Users/danie/Documents/Unreal Projects/ElgoalTails/Content/Game/Gamemode/GM_Elgoal_Erika.uasset" 887
"C:/Users/danie/Documents/Unreal Projects/ElgoalTails/Content/Game/Gamemode/GM_Elgoal_Erika.uexp" 888
"C:/Users/danie/Documents/Unreal Projects/ElgoalTails/Content/Vegetation/Textures/T_Screen_Dirt.uasset" 889
"C:/Users/danie/Documents/Unreal Projects/ElgoalTails/Content/Vegetation/Textures/T_Screen_Dirt.uexp" 890
"C:/Users/danie/Documents/Unreal Projects/ElgoalTails/Content/Vegetation/Textures/T_Terrain_Mask.uasset" 891
"C:/Users/danie/Documents/Unreal Projects/ElgoalTails/Content/Vegetation/Textures/T_Terrain_Mask.uexp" 892
"C:/Users/danie/Documents/Unreal Projects/ElgoalTails/Content/Vegetation/Textures/T_Terrain_Mask.ubulk" 893
"C:/Users/danie/Documents/Unreal Projects/ElgoalTails/Content/Vegetation/Textures/T_Terrain_Mask.uptnl" 894
"C:/Users/danie/Documents/Unreal Projects/ElgoalTails/Content/Vegetation/Textures/T_Rock_N.uasset" 895
"C:/Users/danie/Documents/Unreal Projects/ElgoalTails/Content/Vegetation/Textures/T_Rock_N.uexp" 896
"C:/Users/danie/Documents/Unreal Projects/ElgoalTails/Content/Vegetation/Textures/T_Rock_BC.uasset" 897
"C:/Users/danie/Documents/Unreal Projects/ElgoalTails/Content/Vegetation/Textures/T_Rock_BC.uexp" 898
"C:/Users/danie/Documents/Unreal Projects/ElgoalTails/Content/Vegetation/Textures/T_Grass_N.uasset" 899
"C:/Users/danie/Documents/Unreal Projects/ElgoalTails/Content/Vegetation/Textures/T_Grass_N.uexp" 900
"C:/Users/danie/Documents/Unreal Projects/ElgoalTails/Content/Vegetation/Textures/T_Grass_BC.uasset" 901
"C:/Users/danie/Documents/Unreal Projects/ElgoalTails/Content/Vegetation/Textures/T_Grass_BC.uexp" 902
"C:/Users/danie/Documents/Unreal Projects/ElgoalTails/Content/Vegetation/Materials/Master/M_Terrain.uasset" 903
"C:/Users/danie/Documents/Unreal Projects/ElgoalTails/Content/Vegetation/Materials/Master/M_Terrain.uexp" 904
"C:/Users/danie/Documents/Unreal Projects/ElgoalTails/Content/Vegetation/Meshes/Terrain/SM_Terrain.uasset" 905
"C:/Users/danie/Documents/Unreal Projects/ElgoalTails/Content/Vegetation/Meshes/Terrain/SM_Terrain.uexp" 906
"C:/Users/danie/Documents/Unreal Projects/ElgoalTails/Content/Game/UI/HUD/Life_HUD.uasset" 907
"C:/Users/danie/Documents/Unreal Projects/ElgoalTails/Content/Game/UI/HUD/Life_HUD.uexp" 908
"C:/Users/danie/Documents/Unreal Projects/ElgoalTails/Content/Vegetation/Materials/Instances/MI_Terrain.uasset" 909
"C:/Users/danie/Documents/Unreal Projects/ElgoalTails/Content/Vegetation/Materials/Instances/MI_Terrain.uexp" 910
"../../../Engine/Content/MapTemplates/TilingNoise05.uasset" 911
"../../../Engine/Content/MapTemplates/TilingNoise05.uexp" 912
"../../../Engine/Content/MapTemplates/TilingNoise05.ubulk" 913
"../../../Engine/Content/Functions/Engine_MaterialFunctions02/SplitComponents.uasset" 914
"../../../Engine/Content/Functions/Engine_MaterialFunctions02/SplitComponents.uexp" 915
"../../../Engine/Content/EngineSky/M_SkyTimeOfDay.uasset" 916
"../../../Engine/Content/EngineSky/M_SkyTimeOfDay.uexp" 917
"C:/Users/danie/Documents/Unreal Projects/ElgoalTails/Content/Game/Objects/heal/Material_001.uasset" 918
"C:/Users/danie/Documents/Unreal Projects/ElgoalTails/Content/Game/Objects/heal/Material_001.uexp" 919
"C:/Users/danie/Documents/Unreal Projects/ElgoalTails/Content/StarterContent/Textures/T_Tech_Hex_Tile_M.uasset" 920
"C:/Users/danie/Documents/Unreal Projects/ElgoalTails/Content/StarterContent/Textures/T_Tech_Hex_Tile_M.uexp" 921
"C:/Users/danie/Documents/Unreal Projects/ElgoalTails/Content/StarterContent/Textures/T_Tech_Hex_Tile_M.ubulk" 922
"C:/Users/danie/Documents/Unreal Projects/ElgoalTails/Content/Game/Objects/heal/Material_0.uasset" 923
"C:/Users/danie/Documents/Unreal Projects/ElgoalTails/Content/Game/Objects/heal/Material_0.uexp" 924
"C:/Users/danie/Documents/Unreal Projects/ElgoalTails/Content/Game/Objects/heal/heal.uasset" 925
"C:/Users/danie/Documents/Unreal Projects/ElgoalTails/Content/Game/Objects/heal/heal.uexp" 926
"C:/Users/danie/Documents/Unreal Projects/ElgoalTails/Content/Game/Objects/heal/BP_HealGlass.uasset" 927
"C:/Users/danie/Documents/Unreal Projects/ElgoalTails/Content/Game/Objects/heal/BP_HealGlass.uexp" 928
"C:/Users/danie/Documents/Unreal Projects/ElgoalTails/Content/FourEvilDragonsPBR/Meshes/DragonTheUsurper/DragonTheUsurper_Skeleton.uasset" 929
"C:/Users/danie/Documents/Unreal Projects/ElgoalTails/Content/FourEvilDragonsPBR/Meshes/DragonTheUsurper/DragonTheUsurper_Skeleton.uexp" 930
"C:/Users/danie/Documents/Unreal Projects/ElgoalTails/Content/FourEvilDragonsPBR/Meshes/DragonTheUsurper/DragonTheUsurper_Physics.uasset" 931
"C:/Users/danie/Documents/Unreal Projects/ElgoalTails/Content/FourEvilDragonsPBR/Meshes/DragonTheUsurper/DragonTheUsurper_Physics.uexp" 932
"C:/Users/danie/Documents/Unreal Projects/ElgoalTails/Content/FourEvilDragonsPBR/Textures/DragonTheUsurper/Red/Red_R_AO_MTTex.uasset" 933
"C:/Users/danie/Documents/Unreal Projects/ElgoalTails/Content/FourEvilDragonsPBR/Textures/DragonTheUsurper/Red/Red_R_AO_MTTex.uexp" 934
"C:/Users/danie/Documents/Unreal Projects/ElgoalTails/Content/FourEvilDragonsPBR/Textures/DragonTheUsurper/Red/Red_R_AO_MTTex.ubulk" 935
"C:/Users/danie/Documents/Unreal Projects/ElgoalTails/Content/FourEvilDragonsPBR/Textures/DragonTheUsurper/Red/Red_NTex.uasset" 936
"C:/Users/danie/Documents/Unreal Projects/ElgoalTails/Content/FourEvilDragonsPBR/Textures/DragonTheUsurper/Red/Red_NTex.uexp" 937
"C:/Users/danie/Documents/Unreal Projects/ElgoalTails/Content/FourEvilDragonsPBR/Textures/DragonTheUsurper/Red/Red_NTex.ubulk" 938
"C:/Users/danie/Documents/Unreal Projects/ElgoalTails/Content/FourEvilDragonsPBR/Textures/DragonTheUsurper/Red/Red_ETex.uasset" 939
"C:/Users/danie/Documents/Unreal Projects/ElgoalTails/Content/FourEvilDragonsPBR/Textures/DragonTheUsurper/Red/Red_ETex.uexp" 940
"C:/Users/danie/Documents/Unreal Projects/ElgoalTails/Content/FourEvilDragonsPBR/Textures/DragonTheUsurper/Red/Red_ETex.ubulk" 941
"C:/Users/danie/Documents/Unreal Projects/ElgoalTails/Content/FourEvilDragonsPBR/Textures/DragonTheUsurper/Red/Red_BCTex.uasset" 942
"C:/Users/danie/Documents/Unreal Projects/ElgoalTails/Content/FourEvilDragonsPBR/Textures/DragonTheUsurper/Red/Red_BCTex.uexp" 943
"C:/Users/danie/Documents/Unreal Projects/ElgoalTails/Content/FourEvilDragonsPBR/Textures/DragonTheUsurper/Red/Red_BCTex.ubulk" 944
"C:/Users/danie/Documents/Unreal Projects/ElgoalTails/Content/FourEvilDragonsPBR/Materials/DragonTheUsurper/RedMat.uasset" 945
"C:/Users/danie/Documents/Unreal Projects/ElgoalTails/Content/FourEvilDragonsPBR/Materials/DragonTheUsurper/RedMat.uexp" 946
"C:/Users/danie/Documents/Unreal Projects/ElgoalTails/Content/FourEvilDragonsPBR/Meshes/DragonTheUsurper/DragonTheUsurperSK.uasset" 947
"C:/Users/danie/Documents/Unreal Projects/ElgoalTails/Content/FourEvilDragonsPBR/Meshes/DragonTheUsurper/DragonTheUsurperSK.uexp" 948
"C:/Users/danie/Documents/Unreal Projects/ElgoalTails/Content/FourEvilDragonsPBR/Animations/DragonTheUsurper/FlyIdleAnim.uasset" 949
"C:/Users/danie/Documents/Unreal Projects/ElgoalTails/Content/FourEvilDragonsPBR/Animations/DragonTheUsurper/FlyIdleAnim.uexp" 950
"C:/Users/danie/Documents/Unreal Projects/ElgoalTails/Content/FourEvilDragonsPBR/Animations/DragonTheUsurper/FlyForwardAnim.uasset" 951
"C:/Users/danie/Documents/Unreal Projects/ElgoalTails/Content/FourEvilDragonsPBR/Animations/DragonTheUsurper/FlyForwardAnim.uexp" 952
"C:/Users/danie/Documents/Unreal Projects/ElgoalTails/Content/Game/Characters/Familliar/Dragon/Dragon_Pet_Anim_1D.uasset" 953
"C:/Users/danie/Documents/Unreal Projects/ElgoalTails/Content/Game/Characters/Familliar/Dragon/Dragon_Pet_Anim_1D.uexp" 954
"C:/Users/danie/Documents/Unreal Projects/ElgoalTails/Content/Game/Characters/Familliar/Dragon/Dragon_Pet_Anim.uasset" 955
"C:/Users/danie/Documents/Unreal Projects/ElgoalTails/Content/Game/Characters/Familliar/Dragon/Dragon_Pet_Anim.uexp" 956
"C:/Users/danie/Documents/Unreal Projects/ElgoalTails/Content/Game/Characters/Familliar/Dragon/AIC_Dragon.uasset" 957
"C:/Users/danie/Documents/Unreal Projects/ElgoalTails/Content/Game/Characters/Familliar/Dragon/AIC_Dragon.uexp" 958
"C:/Users/danie/Documents/Unreal Projects/ElgoalTails/Content/Game/Characters/Familliar/Dragon/Dragon_Pet_BP.uasset" 959
"C:/Users/danie/Documents/Unreal Projects/ElgoalTails/Content/Game/Characters/Familliar/Dragon/Dragon_Pet_BP.uexp" 960
"C:/Users/danie/Documents/Unreal Projects/ElgoalTails/Content/Game/Maps/Map_Erika.uexp" 961
"C:/Users/danie/Documents/Unreal Projects/ElgoalTails/Content/Game/Maps/Map_Erika.umap" 962
"C:/Users/danie/Documents/Unreal Projects/ElgoalTails/Content/Game/Gamemode/GM_Elgoal_Maw.uasset" 963
"C:/Users/danie/Documents/Unreal Projects/ElgoalTails/Content/Game/Gamemode/GM_Elgoal_Maw.uexp" 964
"C:/Users/danie/Documents/Unreal Projects/ElgoalTails/Content/Game/Maps/Map_Maw.uexp" 965
"C:/Users/danie/Documents/Unreal Projects/ElgoalTails/Content/Game/Maps/Map_Maw.umap" 966
"C:/Users/danie/Documents/Unreal Projects/ElgoalTails/Content/Game/StoryTimes/OpenGame/story-time-partie-4.uasset" 967
"C:/Users/danie/Documents/Unreal Projects/ElgoalTails/Content/Game/StoryTimes/OpenGame/story-time-partie-4.uexp" 968
"C:/Users/danie/Documents/Unreal Projects/ElgoalTails/Content/Game/StoryTimes/OpenGame/story-time-partie-3.uasset" 969
"C:/Users/danie/Documents/Unreal Projects/ElgoalTails/Content/Game/StoryTimes/OpenGame/story-time-partie-3.uexp" 970
"C:/Users/danie/Documents/Unreal Projects/ElgoalTails/Content/Game/StoryTimes/OpenGame/story-time-partie-2.uasset" 971
"C:/Users/danie/Documents/Unreal Projects/ElgoalTails/Content/Game/StoryTimes/OpenGame/story-time-partie-2.uexp" 972
"C:/Users/danie/Documents/Unreal Projects/ElgoalTails/Content/Game/StoryTimes/OpenGame/story-time-partie-1.uasset" 973
"C:/Users/danie/Documents/Unreal Projects/ElgoalTails/Content/Game/StoryTimes/OpenGame/story-time-partie-1.uexp" 974
"C:/Users/danie/Documents/Unreal Projects/ElgoalTails/Content/Game/UI/Menus/UI_main_menu.uasset" 975
"C:/Users/danie/Documents/Unreal Projects/ElgoalTails/Content/Game/UI/Menus/UI_main_menu.uexp" 976
"C:/Users/danie/Documents/Unreal Projects/ElgoalTails/Content/Game/UI/Menus/Main_Menu_BuiltData.uasset" 977
"C:/Users/danie/Documents/Unreal Projects/ElgoalTails/Content/Game/UI/Menus/Main_Menu_BuiltData.uexp" 978
"C:/Users/danie/Documents/Unreal Projects/ElgoalTails/Content/Game/UI/Menus/Main_Menu.uexp" 979
"C:/Users/danie/Documents/Unreal Projects/ElgoalTails/Content/Game/UI/Menus/Main_Menu.umap" 980
"../../../Engine/Content/Maps/Entry_BuiltData.uasset" 981
"../../../Engine/Content/Maps/Entry_BuiltData.uexp" 982
"../../../Engine/Content/Maps/Entry.uexp" 983
"../../../Engine/Content/Maps/Entry.umap" 984
